{"level":"info","message":"Server running on port 5000","timestamp":"2025-06-23T16:05:46.615Z"}
{"level":"info","message":"MongoDB connected","timestamp":"2025-06-23T16:05:46.670Z"}
{"level":"info","message":"Server running on port 5000","timestamp":"2025-06-23T16:14:12.774Z"}
{"level":"info","message":"MongoDB connected","timestamp":"2025-06-23T16:14:12.794Z"}
{"level":"info","message":"POST /api/auth/register","timestamp":"2025-06-23T16:16:44.942Z"}
{"level":"warn","message":"Validation error: \"password\" length must be at least 6 characters long","timestamp":"2025-06-23T16:16:44.948Z"}
{"level":"info","message":"POST /api/auth/register","timestamp":"2025-06-23T16:17:24.106Z"}
{"level":"info","message":"Refresh token generated for user: 68597e149a2f0da852261c1f","timestamp":"2025-06-23T16:17:24.257Z"}
{"level":"info","message":"User registered: 68597e149a2f0da852261c1f","timestamp":"2025-06-23T16:17:24.258Z"}
{"level":"info","message":"GET /users?page=1&limit=100","timestamp":"2025-06-23T16:17:24.334Z"}
{"level":"info","message":"GET /tasks?page=1&limit=10","timestamp":"2025-06-23T16:17:24.338Z"}
{"level":"info","message":"GET /users?page=1&limit=10","timestamp":"2025-06-23T16:17:36.627Z"}
{"level":"info","message":"GET /users?page=1&limit=100","timestamp":"2025-06-23T16:17:39.258Z"}
{"level":"info","message":"GET /tasks?page=1&limit=10","timestamp":"2025-06-23T16:17:39.260Z"}
{"level":"info","message":"GET /api/tasks?page=1&limit=10","timestamp":"2025-06-23T16:19:01.170Z"}
{"level":"info","message":"Tasks fetched for user: 68597e149a2f0da852261c1f, page: 1","timestamp":"2025-06-23T16:19:01.190Z"}
{"level":"info","message":"POST /api/auth/login","timestamp":"2025-06-23T16:19:25.331Z"}
{"level":"info","message":"Refresh token generated for user: 68597e149a2f0da852261c1f","timestamp":"2025-06-23T16:19:25.438Z"}
{"level":"info","message":"User logged in: 68597e149a2f0da852261c1f","timestamp":"2025-06-23T16:19:25.439Z"}
{"level":"info","message":"GET /api/users?page=1&limit=100","timestamp":"2025-06-23T16:19:25.500Z"}
{"level":"info","message":"GET /api/tasks?page=1&limit=10","timestamp":"2025-06-23T16:19:25.505Z"}
{"level":"info","message":"Tasks fetched for user: 68597e149a2f0da852261c1f, page: 1","timestamp":"2025-06-23T16:19:25.512Z"}
{"level":"info","message":"Users fetched by manager: 68597e149a2f0da852261c1f, page: 1","timestamp":"2025-06-23T16:19:25.514Z"}
{"level":"info","message":"GET /api/tasks?page=1&limit=10&status=to-do","timestamp":"2025-06-23T16:19:37.959Z"}
{"level":"info","message":"Tasks fetched for user: 68597e149a2f0da852261c1f, page: 1","timestamp":"2025-06-23T16:19:37.964Z"}
{"level":"info","message":"GET /api/tasks?page=1&limit=10&status=in-progress","timestamp":"2025-06-23T16:19:38.373Z"}
{"level":"info","message":"Tasks fetched for user: 68597e149a2f0da852261c1f, page: 1","timestamp":"2025-06-23T16:19:38.378Z"}
{"level":"info","message":"GET /api/users?page=1&limit=10","timestamp":"2025-06-23T16:19:42.021Z"}
{"level":"info","message":"Users fetched by manager: 68597e149a2f0da852261c1f, page: 1","timestamp":"2025-06-23T16:19:42.028Z"}
{"level":"info","message":"POST /api/auth/register","timestamp":"2025-06-23T16:21:30.707Z"}
{"level":"info","message":"Refresh token generated for user: 68597f0a9a2f0da852261c35","timestamp":"2025-06-23T16:21:30.800Z"}
{"level":"info","message":"User registered: 68597f0a9a2f0da852261c35","timestamp":"2025-06-23T16:21:30.800Z"}
{"level":"info","message":"GET /api/tasks?page=1&limit=10&status=completed","timestamp":"2025-06-23T16:21:34.253Z"}
{"level":"info","message":"Tasks fetched for user: 68597f0a9a2f0da852261c35, page: 1","timestamp":"2025-06-23T16:21:34.257Z"}
{"level":"info","message":"GET /api/tasks?page=1&limit=10&status=to-do","timestamp":"2025-06-23T16:21:34.940Z"}
{"level":"info","message":"Tasks fetched for user: 68597f0a9a2f0da852261c35, page: 1","timestamp":"2025-06-23T16:21:34.945Z"}
{"level":"info","message":"GET /api/tasks?page=1&limit=10","timestamp":"2025-06-23T16:21:35.262Z"}
{"level":"info","message":"Tasks fetched for user: 68597f0a9a2f0da852261c35, page: 1","timestamp":"2025-06-23T16:21:35.267Z"}
{"level":"info","message":"POST /api/auth/login","timestamp":"2025-06-23T16:21:51.265Z"}
{"level":"info","message":"Refresh token generated for user: 68597e149a2f0da852261c1f","timestamp":"2025-06-23T16:21:51.367Z"}
{"level":"info","message":"User logged in: 68597e149a2f0da852261c1f","timestamp":"2025-06-23T16:21:51.368Z"}
{"level":"info","message":"GET /api/users?page=1&limit=100","timestamp":"2025-06-23T16:21:51.414Z"}
{"level":"info","message":"Users fetched by manager: 68597e149a2f0da852261c1f, page: 1","timestamp":"2025-06-23T16:21:51.420Z"}
{"level":"info","message":"GET /api/users?page=1&limit=10","timestamp":"2025-06-23T16:23:25.772Z"}
{"level":"info","message":"Users fetched by manager: 68597e149a2f0da852261c1f, page: 1","timestamp":"2025-06-23T16:23:25.779Z"}
{"level":"info","message":"Server running on port 5000","timestamp":"2025-06-23T22:33:38.030Z"}
{"level":"info","message":"MongoDB connected","timestamp":"2025-06-23T22:33:38.062Z"}
{"level":"info","message":"GET /api/users?page=1&limit=100","timestamp":"2025-06-23T22:34:18.560Z"}
{"level":"error","message":"Invalid token: jwt expired","timestamp":"2025-06-23T22:34:18.626Z"}
{"level":"info","message":"GET /api/tasks?page=1&limit=10","timestamp":"2025-06-23T22:34:18.657Z"}
{"level":"error","message":"Invalid token: jwt expired","timestamp":"2025-06-23T22:34:18.672Z"}
{"level":"info","message":"GET /api/users?page=1&limit=100","timestamp":"2025-06-23T22:34:24.503Z"}
{"level":"error","message":"Invalid token: jwt expired","timestamp":"2025-06-23T22:34:24.512Z"}
{"level":"info","message":"GET /api/tasks?page=1&limit=10","timestamp":"2025-06-23T22:34:24.516Z"}
{"level":"error","message":"Invalid token: jwt expired","timestamp":"2025-06-23T22:34:24.519Z"}
{"level":"info","message":"POST /api/auth/login","timestamp":"2025-06-23T22:34:44.177Z"}
{"level":"warn","message":"Failed login attempt for email: admin@gmail.com","timestamp":"2025-06-23T22:34:44.529Z"}
{"level":"info","message":"POST /api/auth/login","timestamp":"2025-06-23T22:34:51.414Z"}
{"level":"warn","message":"Failed login attempt for email: admin@gmail.com","timestamp":"2025-06-23T22:34:51.700Z"}
{"level":"info","message":"POST /api/auth/login","timestamp":"2025-06-23T22:35:18.064Z"}
{"level":"info","message":"Refresh token generated for user: 68597e149a2f0da852261c1f","timestamp":"2025-06-23T22:35:18.392Z"}
{"level":"info","message":"User logged in: 68597e149a2f0da852261c1f","timestamp":"2025-06-23T22:35:18.393Z"}
{"level":"info","message":"GET /api/users?page=1&limit=100","timestamp":"2025-06-23T22:35:18.480Z"}
{"level":"info","message":"GET /api/tasks?page=1&limit=10","timestamp":"2025-06-23T22:35:18.495Z"}
{"level":"info","message":"Users fetched by manager: 68597e149a2f0da852261c1f, page: 1","timestamp":"2025-06-23T22:35:18.518Z"}
{"level":"info","message":"Tasks fetched for user: 68597e149a2f0da852261c1f, page: 1","timestamp":"2025-06-23T22:35:18.525Z"}
{"level":"info","message":"POST /api/tasks","timestamp":"2025-06-23T22:36:43.982Z"}
{"level":"info","message":"Task created: 6859d6fb4eaf4cf8b84f752e by user: 68597e149a2f0da852261c1f","timestamp":"2025-06-23T22:36:44.050Z"}
{"level":"info","message":"GET /api/tasks?page=1&limit=10","timestamp":"2025-06-23T22:36:44.060Z"}
{"level":"info","message":"Tasks fetched for user: 68597e149a2f0da852261c1f, page: 1","timestamp":"2025-06-23T22:36:44.080Z"}
{"level":"info","message":"GET /api/tasks?page=1&limit=10&status=to-do","timestamp":"2025-06-23T22:36:51.469Z"}
{"level":"info","message":"Tasks fetched for user: 68597e149a2f0da852261c1f, page: 1","timestamp":"2025-06-23T22:36:51.492Z"}
{"level":"info","message":"GET /api/tasks?page=1&limit=10&status=in-progress","timestamp":"2025-06-23T22:36:51.979Z"}
{"level":"info","message":"Tasks fetched for user: 68597e149a2f0da852261c1f, page: 1","timestamp":"2025-06-23T22:36:51.991Z"}
{"level":"info","message":"GET /api/tasks?page=1&limit=10&status=completed","timestamp":"2025-06-23T22:36:54.234Z"}
{"level":"info","message":"Tasks fetched for user: 68597e149a2f0da852261c1f, page: 1","timestamp":"2025-06-23T22:36:54.244Z"}
{"level":"info","message":"GET /api/tasks?page=1&limit=10","timestamp":"2025-06-23T22:40:45.828Z"}
{"level":"info","message":"GET /api/users?page=1&limit=100","timestamp":"2025-06-23T22:40:45.841Z"}
{"level":"info","message":"Users fetched by manager: 68597e149a2f0da852261c1f, page: 1","timestamp":"2025-06-23T22:40:45.861Z"}
{"level":"info","message":"Tasks fetched for user: 68597e149a2f0da852261c1f, page: 1","timestamp":"2025-06-23T22:40:45.873Z"}
{"level":"info","message":"GET /api/users?page=1&limit=100","timestamp":"2025-06-23T22:46:29.452Z"}
{"level":"info","message":"GET /api/tasks?page=1&limit=10","timestamp":"2025-06-23T22:46:29.458Z"}
{"level":"info","message":"Users fetched by manager: 68597e149a2f0da852261c1f, page: 1","timestamp":"2025-06-23T22:46:29.474Z"}
{"level":"info","message":"Tasks fetched for user: 68597e149a2f0da852261c1f, page: 1","timestamp":"2025-06-23T22:46:29.483Z"}
{"level":"info","message":"PUT /api/tasks/6859d6fb4eaf4cf8b84f752e","timestamp":"2025-06-23T22:48:39.189Z"}
{"level":"warn","message":"Validation error: \"title\" is required, \"assignedTo\" is required","timestamp":"2025-06-23T22:48:39.199Z"}
{"level":"info","message":"GET /api/tasks?page=1&limit=10","timestamp":"2025-06-23T22:48:39.215Z"}
{"level":"info","message":"Tasks fetched for user: 68597e149a2f0da852261c1f, page: 1","timestamp":"2025-06-23T22:48:39.240Z"}
{"level":"info","message":"GET /api/tasks?page=1&limit=10&status=in-progress","timestamp":"2025-06-23T22:48:50.135Z"}
{"level":"info","message":"Tasks fetched for user: 68597e149a2f0da852261c1f, page: 1","timestamp":"2025-06-23T22:48:50.150Z"}
{"level":"info","message":"GET /api/tasks?page=1&limit=10&status=to-do","timestamp":"2025-06-23T22:48:51.031Z"}
{"level":"info","message":"Tasks fetched for user: 68597e149a2f0da852261c1f, page: 1","timestamp":"2025-06-23T22:48:51.052Z"}
{"level":"info","message":"POST /api/tasks","timestamp":"2025-06-23T22:49:39.630Z"}
{"level":"warn","message":"Validation error: \"description\" length must be less than or equal to 500 characters long","timestamp":"2025-06-23T22:49:39.633Z"}
{"level":"info","message":"GET /api/tasks?page=1&limit=10&status=to-do","timestamp":"2025-06-23T22:49:39.663Z"}
{"level":"info","message":"Tasks fetched for user: 68597e149a2f0da852261c1f, page: 1","timestamp":"2025-06-23T22:49:39.682Z"}
{"level":"info","message":"POST /api/tasks","timestamp":"2025-06-23T22:49:49.784Z"}
{"level":"warn","message":"Validation error: \"description\" length must be less than or equal to 500 characters long","timestamp":"2025-06-23T22:49:49.788Z"}
{"level":"info","message":"GET /api/tasks?page=1&limit=10&status=to-do","timestamp":"2025-06-23T22:49:49.837Z"}
{"level":"info","message":"Tasks fetched for user: 68597e149a2f0da852261c1f, page: 1","timestamp":"2025-06-23T22:49:49.861Z"}
{"level":"info","message":"POST /api/tasks","timestamp":"2025-06-23T22:50:07.972Z"}
{"level":"info","message":"Task created: 6859da1f4eaf4cf8b84f755d by user: 68597e149a2f0da852261c1f","timestamp":"2025-06-23T22:50:08.009Z"}
{"level":"info","message":"GET /api/tasks?page=1&limit=10&status=to-do","timestamp":"2025-06-23T22:50:08.055Z"}
{"level":"info","message":"Tasks fetched for user: 68597e149a2f0da852261c1f, page: 1","timestamp":"2025-06-23T22:50:08.102Z"}
{"level":"info","message":"GET /api/users?page=1&limit=10","timestamp":"2025-06-23T22:50:49.263Z"}
{"level":"error","message":"Invalid token: jwt expired","timestamp":"2025-06-23T22:50:49.269Z"}
{"level":"info","message":"GET /api/users?page=1&limit=10","timestamp":"2025-06-23T22:50:51.992Z"}
{"level":"error","message":"Invalid token: jwt expired","timestamp":"2025-06-23T22:50:51.996Z"}
{"level":"info","message":"GET /api/tasks?page=1&limit=10","timestamp":"2025-06-23T22:50:56.428Z"}
{"level":"warn","message":"No token provided","timestamp":"2025-06-23T22:50:56.429Z"}
{"level":"info","message":"POST /api/auth/login","timestamp":"2025-06-23T22:51:06.429Z"}
{"level":"info","message":"Refresh token generated for user: 68597e149a2f0da852261c1f","timestamp":"2025-06-23T22:51:06.736Z"}
{"level":"info","message":"User logged in: 68597e149a2f0da852261c1f","timestamp":"2025-06-23T22:51:06.737Z"}
{"level":"info","message":"GET /api/users?page=1&limit=100","timestamp":"2025-06-23T22:51:06.844Z"}
{"level":"info","message":"GET /api/tasks?page=1&limit=10","timestamp":"2025-06-23T22:51:06.850Z"}
{"level":"info","message":"Users fetched by manager: 68597e149a2f0da852261c1f, page: 1","timestamp":"2025-06-23T22:51:06.873Z"}
{"level":"info","message":"Tasks fetched for user: 68597e149a2f0da852261c1f, page: 1","timestamp":"2025-06-23T22:51:06.889Z"}
{"level":"info","message":"GET /api/users?page=1&limit=10","timestamp":"2025-06-23T22:51:10.556Z"}
{"level":"info","message":"Users fetched by manager: 68597e149a2f0da852261c1f, page: 1","timestamp":"2025-06-23T22:51:10.568Z"}
{"level":"info","message":"DELETE /api/tasks/6859da1f4eaf4cf8b84f755d","timestamp":"2025-06-23T22:51:49.651Z"}
{"level":"info","message":"Task deleted: 6859da1f4eaf4cf8b84f755d by user: 68597e149a2f0da852261c1f","timestamp":"2025-06-23T22:51:49.665Z"}
{"level":"info","message":"GET /api/tasks?page=1&limit=10","timestamp":"2025-06-23T22:51:49.684Z"}
{"level":"info","message":"Tasks fetched for user: 68597e149a2f0da852261c1f, page: 1","timestamp":"2025-06-23T22:51:49.706Z"}
{"level":"info","message":"POST /api/tasks","timestamp":"2025-06-23T22:52:10.893Z"}
{"level":"info","message":"Task created: 6859da9a4eaf4cf8b84f7578 by user: 68597e149a2f0da852261c1f","timestamp":"2025-06-23T22:52:10.910Z"}
{"level":"info","message":"GET /api/tasks?page=1&limit=10","timestamp":"2025-06-23T22:52:10.921Z"}
{"level":"info","message":"Tasks fetched for user: 68597e149a2f0da852261c1f, page: 1","timestamp":"2025-06-23T22:52:10.946Z"}
{"level":"info","message":"GET /api/users?page=1&limit=100","timestamp":"2025-06-23T22:53:35.067Z"}
{"level":"info","message":"GET /api/tasks?page=1&limit=10","timestamp":"2025-06-23T22:53:35.071Z"}
{"level":"info","message":"Users fetched by manager: 68597e149a2f0da852261c1f, page: 1","timestamp":"2025-06-23T22:53:35.086Z"}
{"level":"info","message":"Tasks fetched for user: 68597e149a2f0da852261c1f, page: 1","timestamp":"2025-06-23T22:53:35.093Z"}
{"level":"info","message":"GET /api/users?page=1&limit=100","timestamp":"2025-06-23T22:56:12.878Z"}
{"level":"info","message":"GET /api/tasks?page=1&limit=10","timestamp":"2025-06-23T22:56:12.885Z"}
{"level":"info","message":"Users fetched by manager: 68597e149a2f0da852261c1f, page: 1","timestamp":"2025-06-23T22:56:12.900Z"}
{"level":"info","message":"Tasks fetched for user: 68597e149a2f0da852261c1f, page: 1","timestamp":"2025-06-23T22:56:12.908Z"}
{"level":"info","message":"GET /api/users?page=1&limit=100","timestamp":"2025-06-23T22:56:32.869Z"}
{"level":"info","message":"GET /api/tasks?page=1&limit=10","timestamp":"2025-06-23T22:56:32.877Z"}
{"level":"info","message":"Users fetched by manager: 68597e149a2f0da852261c1f, page: 1","timestamp":"2025-06-23T22:56:32.897Z"}
{"level":"info","message":"Tasks fetched for user: 68597e149a2f0da852261c1f, page: 1","timestamp":"2025-06-23T22:56:32.908Z"}
{"level":"info","message":"GET /api/users?page=1&limit=100","timestamp":"2025-06-23T22:58:04.583Z"}
{"level":"info","message":"GET /api/tasks?page=1&limit=10","timestamp":"2025-06-23T22:58:04.590Z"}
{"level":"info","message":"Users fetched by manager: 68597e149a2f0da852261c1f, page: 1","timestamp":"2025-06-23T22:58:04.608Z"}
{"level":"info","message":"Tasks fetched for user: 68597e149a2f0da852261c1f, page: 1","timestamp":"2025-06-23T22:58:04.614Z"}
{"level":"info","message":"GET /api/users?page=1&limit=10","timestamp":"2025-06-23T23:00:55.857Z"}
{"level":"info","message":"Users fetched by manager: 68597e149a2f0da852261c1f, page: 1","timestamp":"2025-06-23T23:00:55.870Z"}
{"level":"info","message":"GET /api/tasks?page=1&limit=10","timestamp":"2025-06-23T23:01:20.998Z"}
{"level":"info","message":"GET /api/users?page=1&limit=100","timestamp":"2025-06-23T23:01:21.019Z"}
{"level":"info","message":"Tasks fetched for user: 68597e149a2f0da852261c1f, page: 1","timestamp":"2025-06-23T23:01:21.070Z"}
{"level":"info","message":"Users fetched by manager: 68597e149a2f0da852261c1f, page: 1","timestamp":"2025-06-23T23:01:21.077Z"}
{"level":"info","message":"GET /api/users?page=1&limit=100","timestamp":"2025-06-23T23:01:36.676Z"}
{"level":"info","message":"GET /api/tasks?page=1&limit=10","timestamp":"2025-06-23T23:01:36.684Z"}
{"level":"info","message":"Users fetched by manager: 68597e149a2f0da852261c1f, page: 1","timestamp":"2025-06-23T23:01:36.703Z"}
{"level":"info","message":"Tasks fetched for user: 68597e149a2f0da852261c1f, page: 1","timestamp":"2025-06-23T23:01:36.714Z"}
{"level":"info","message":"GET /api/tasks?page=1&limit=10&status=to-do","timestamp":"2025-06-23T23:03:09.235Z"}
{"level":"info","message":"Tasks fetched for user: 68597e149a2f0da852261c1f, page: 1","timestamp":"2025-06-23T23:03:09.245Z"}
{"level":"info","message":"GET /api/tasks?page=1&limit=10&status=in-progress","timestamp":"2025-06-23T23:03:11.583Z"}
{"level":"info","message":"Tasks fetched for user: 68597e149a2f0da852261c1f, page: 1","timestamp":"2025-06-23T23:03:11.590Z"}
{"level":"info","message":"GET /api/tasks?page=1&limit=10&status=completed","timestamp":"2025-06-23T23:03:12.535Z"}
{"level":"info","message":"Tasks fetched for user: 68597e149a2f0da852261c1f, page: 1","timestamp":"2025-06-23T23:03:12.540Z"}
{"level":"info","message":"GET /api/users?page=1&limit=100","timestamp":"2025-06-23T23:04:16.008Z"}
{"level":"info","message":"GET /api/tasks?page=1&limit=10","timestamp":"2025-06-23T23:04:16.013Z"}
{"level":"info","message":"Users fetched by manager: 68597e149a2f0da852261c1f, page: 1","timestamp":"2025-06-23T23:04:16.022Z"}
{"level":"info","message":"Tasks fetched for user: 68597e149a2f0da852261c1f, page: 1","timestamp":"2025-06-23T23:04:16.027Z"}
{"level":"info","message":"GET /api/users?page=1&limit=100","timestamp":"2025-06-23T23:06:32.573Z"}
{"level":"error","message":"Invalid token: jwt expired","timestamp":"2025-06-23T23:06:32.575Z"}
{"level":"info","message":"GET /api/tasks?page=1&limit=10","timestamp":"2025-06-23T23:06:32.577Z"}
{"level":"error","message":"Invalid token: jwt expired","timestamp":"2025-06-23T23:06:32.579Z"}
{"level":"info","message":"GET /api/users?page=1&limit=100","timestamp":"2025-06-23T23:06:41.219Z"}
{"level":"error","message":"Invalid token: jwt expired","timestamp":"2025-06-23T23:06:41.235Z"}
{"level":"info","message":"GET /api/tasks?page=1&limit=10","timestamp":"2025-06-23T23:06:41.242Z"}
{"level":"error","message":"Invalid token: jwt expired","timestamp":"2025-06-23T23:06:41.244Z"}
{"level":"info","message":"GET /api/users?page=1&limit=100","timestamp":"2025-06-23T23:06:43.597Z"}
{"level":"error","message":"Invalid token: jwt expired","timestamp":"2025-06-23T23:06:43.599Z"}
{"level":"info","message":"GET /api/tasks?page=1&limit=10","timestamp":"2025-06-23T23:06:43.601Z"}
{"level":"error","message":"Invalid token: jwt expired","timestamp":"2025-06-23T23:06:43.612Z"}
{"level":"info","message":"POST /api/auth/login","timestamp":"2025-06-23T23:07:01.554Z"}
{"level":"info","message":"Refresh token generated for user: 68597e149a2f0da852261c1f","timestamp":"2025-06-23T23:07:01.658Z"}
{"level":"info","message":"User logged in: 68597e149a2f0da852261c1f","timestamp":"2025-06-23T23:07:01.658Z"}
{"level":"info","message":"GET /api/users?page=1&limit=100","timestamp":"2025-06-23T23:07:01.722Z"}
{"level":"info","message":"GET /api/tasks?page=1&limit=10","timestamp":"2025-06-23T23:07:01.726Z"}
{"level":"info","message":"Users fetched by manager: 68597e149a2f0da852261c1f, page: 1","timestamp":"2025-06-23T23:07:01.738Z"}
{"level":"info","message":"Tasks fetched for user: 68597e149a2f0da852261c1f, page: 1","timestamp":"2025-06-23T23:07:01.744Z"}
{"level":"info","message":"GET /api/users?page=1&limit=100","timestamp":"2025-06-23T23:07:18.782Z"}
{"level":"info","message":"GET /api/tasks?page=1&limit=10","timestamp":"2025-06-23T23:07:18.786Z"}
{"level":"info","message":"Users fetched by manager: 68597e149a2f0da852261c1f, page: 1","timestamp":"2025-06-23T23:07:18.796Z"}
{"level":"info","message":"Tasks fetched for user: 68597e149a2f0da852261c1f, page: 1","timestamp":"2025-06-23T23:07:18.799Z"}
{"level":"info","message":"GET /api/users?page=1&limit=100","timestamp":"2025-06-23T23:07:45.339Z"}
{"level":"info","message":"GET /api/tasks?page=1&limit=10","timestamp":"2025-06-23T23:07:45.348Z"}
{"level":"info","message":"Users fetched by manager: 68597e149a2f0da852261c1f, page: 1","timestamp":"2025-06-23T23:07:45.356Z"}
{"level":"info","message":"Tasks fetched for user: 68597e149a2f0da852261c1f, page: 1","timestamp":"2025-06-23T23:07:45.359Z"}
{"level":"info","message":"GET /api/users?page=1&limit=100","timestamp":"2025-06-23T23:09:43.536Z"}
{"level":"info","message":"GET /api/tasks?page=1&limit=10","timestamp":"2025-06-23T23:09:43.540Z"}
{"level":"info","message":"Users fetched by manager: 68597e149a2f0da852261c1f, page: 1","timestamp":"2025-06-23T23:09:43.551Z"}
{"level":"info","message":"Tasks fetched for user: 68597e149a2f0da852261c1f, page: 1","timestamp":"2025-06-23T23:09:43.555Z"}
{"level":"info","message":"GET /api/users?page=1&limit=100","timestamp":"2025-06-23T23:10:05.343Z"}
{"level":"info","message":"GET /api/tasks?page=1&limit=10","timestamp":"2025-06-23T23:10:05.347Z"}
{"level":"info","message":"Users fetched by manager: 68597e149a2f0da852261c1f, page: 1","timestamp":"2025-06-23T23:10:05.358Z"}
{"level":"info","message":"Tasks fetched for user: 68597e149a2f0da852261c1f, page: 1","timestamp":"2025-06-23T23:10:05.363Z"}
{"level":"info","message":"GET /api/users?page=1&limit=100","timestamp":"2025-06-23T23:12:10.428Z"}
{"level":"info","message":"GET /api/tasks?page=1&limit=10","timestamp":"2025-06-23T23:12:10.437Z"}
{"level":"info","message":"Users fetched by manager: 68597e149a2f0da852261c1f, page: 1","timestamp":"2025-06-23T23:12:10.455Z"}
{"level":"info","message":"Tasks fetched for user: 68597e149a2f0da852261c1f, page: 1","timestamp":"2025-06-23T23:12:10.461Z"}
{"level":"info","message":"GET /api/users?page=1&limit=100","timestamp":"2025-06-23T23:14:21.434Z"}
{"level":"info","message":"GET /api/tasks?page=1&limit=10","timestamp":"2025-06-23T23:14:21.438Z"}
{"level":"info","message":"Users fetched by manager: 68597e149a2f0da852261c1f, page: 1","timestamp":"2025-06-23T23:14:21.452Z"}
{"level":"info","message":"Tasks fetched for user: 68597e149a2f0da852261c1f, page: 1","timestamp":"2025-06-23T23:14:21.456Z"}
{"level":"info","message":"GET /api/users?page=1&limit=100","timestamp":"2025-06-23T23:14:40.556Z"}
{"level":"info","message":"GET /api/tasks?page=1&limit=10","timestamp":"2025-06-23T23:14:40.564Z"}
{"level":"info","message":"Users fetched by manager: 68597e149a2f0da852261c1f, page: 1","timestamp":"2025-06-23T23:14:40.575Z"}
{"level":"info","message":"Tasks fetched for user: 68597e149a2f0da852261c1f, page: 1","timestamp":"2025-06-23T23:14:40.580Z"}
{"level":"info","message":"GET /api/users?page=1&limit=100","timestamp":"2025-06-23T23:16:43.878Z"}
{"level":"info","message":"GET /api/tasks?page=1&limit=10","timestamp":"2025-06-23T23:16:43.882Z"}
{"level":"info","message":"Users fetched by manager: 68597e149a2f0da852261c1f, page: 1","timestamp":"2025-06-23T23:16:43.889Z"}
{"level":"info","message":"Tasks fetched for user: 68597e149a2f0da852261c1f, page: 1","timestamp":"2025-06-23T23:16:43.892Z"}
{"level":"info","message":"GET /api/users?page=1&limit=10","timestamp":"2025-06-23T23:18:35.548Z"}
{"level":"info","message":"Users fetched by manager: 68597e149a2f0da852261c1f, page: 1","timestamp":"2025-06-23T23:18:35.555Z"}
{"level":"info","message":"GET /api/users?page=1&limit=100","timestamp":"2025-06-23T23:19:53.838Z"}
{"level":"info","message":"GET /api/tasks?page=1&limit=10","timestamp":"2025-06-23T23:19:53.841Z"}
{"level":"info","message":"Users fetched by manager: 68597e149a2f0da852261c1f, page: 1","timestamp":"2025-06-23T23:19:53.850Z"}
{"level":"info","message":"Tasks fetched for user: 68597e149a2f0da852261c1f, page: 1","timestamp":"2025-06-23T23:19:53.853Z"}
{"level":"info","message":"GET /api/users?page=1&limit=100","timestamp":"2025-06-23T23:20:38.764Z"}
{"level":"info","message":"GET /api/tasks?page=1&limit=10","timestamp":"2025-06-23T23:20:38.767Z"}
{"level":"info","message":"Users fetched by manager: 68597e149a2f0da852261c1f, page: 1","timestamp":"2025-06-23T23:20:38.776Z"}
{"level":"info","message":"Tasks fetched for user: 68597e149a2f0da852261c1f, page: 1","timestamp":"2025-06-23T23:20:38.779Z"}
{"level":"info","message":"GET /api/tasks?page=1&limit=10&status=to-do","timestamp":"2025-06-23T23:22:02.507Z"}
{"level":"error","message":"Invalid token: jwt expired","timestamp":"2025-06-23T23:22:02.509Z"}
{"level":"info","message":"GET /api/tasks?page=1&limit=10&status=in-progress","timestamp":"2025-06-23T23:22:02.898Z"}
{"level":"error","message":"Invalid token: jwt expired","timestamp":"2025-06-23T23:22:02.900Z"}
{"level":"info","message":"GET /api/tasks?page=1&limit=10&status=to-do","timestamp":"2025-06-23T23:22:03.891Z"}
{"level":"error","message":"Invalid token: jwt expired","timestamp":"2025-06-23T23:22:03.893Z"}
{"level":"info","message":"GET /api/users?page=1&limit=100","timestamp":"2025-06-23T23:22:06.928Z"}
{"level":"error","message":"Invalid token: jwt expired","timestamp":"2025-06-23T23:22:06.932Z"}
{"level":"info","message":"GET /api/tasks?page=1&limit=10","timestamp":"2025-06-23T23:22:06.936Z"}
{"level":"error","message":"Invalid token: jwt expired","timestamp":"2025-06-23T23:22:06.940Z"}
{"level":"info","message":"GET /api/tasks?page=1&limit=10&status=to-do","timestamp":"2025-06-23T23:22:08.625Z"}
{"level":"error","message":"Invalid token: jwt expired","timestamp":"2025-06-23T23:22:08.626Z"}
{"level":"info","message":"POST /api/auth/login","timestamp":"2025-06-23T23:22:19.800Z"}
{"level":"warn","message":"Failed login attempt for email: admin@gmail.com","timestamp":"2025-06-23T23:22:19.901Z"}
{"level":"info","message":"POST /api/auth/login","timestamp":"2025-06-23T23:22:30.386Z"}
{"level":"info","message":"Refresh token generated for user: 68597e149a2f0da852261c1f","timestamp":"2025-06-23T23:22:30.493Z"}
{"level":"info","message":"User logged in: 68597e149a2f0da852261c1f","timestamp":"2025-06-23T23:22:30.493Z"}
{"level":"info","message":"GET /api/users?page=1&limit=100","timestamp":"2025-06-23T23:22:30.546Z"}
{"level":"info","message":"GET /api/tasks?page=1&limit=10&status=to-do","timestamp":"2025-06-23T23:22:30.554Z"}
{"level":"info","message":"Users fetched by manager: 68597e149a2f0da852261c1f, page: 1","timestamp":"2025-06-23T23:22:30.569Z"}
{"level":"info","message":"Tasks fetched for user: 68597e149a2f0da852261c1f, page: 1","timestamp":"2025-06-23T23:22:30.573Z"}
{"level":"info","message":"GET /api/users?page=1&limit=100","timestamp":"2025-06-23T23:23:38.520Z"}
{"level":"info","message":"GET /api/tasks?page=1&limit=10","timestamp":"2025-06-23T23:23:38.523Z"}
{"level":"info","message":"Users fetched by manager: 68597e149a2f0da852261c1f, page: 1","timestamp":"2025-06-23T23:23:38.527Z"}
{"level":"info","message":"Tasks fetched for user: 68597e149a2f0da852261c1f, page: 1","timestamp":"2025-06-23T23:23:38.531Z"}
{"level":"info","message":"GET /api/users?page=1&limit=10","timestamp":"2025-06-23T23:24:27.642Z"}
{"level":"info","message":"Users fetched by manager: 68597e149a2f0da852261c1f, page: 1","timestamp":"2025-06-23T23:24:27.647Z"}
{"level":"info","message":"GET /api/users?page=1&limit=100","timestamp":"2025-06-23T23:25:12.075Z"}
{"level":"info","message":"GET /api/tasks?page=1&limit=10","timestamp":"2025-06-23T23:25:12.087Z"}
{"level":"info","message":"Users fetched by manager: 68597e149a2f0da852261c1f, page: 1","timestamp":"2025-06-23T23:25:12.092Z"}
{"level":"info","message":"Tasks fetched for user: 68597e149a2f0da852261c1f, page: 1","timestamp":"2025-06-23T23:25:12.096Z"}
{"level":"info","message":"GET /api/users?page=1&limit=10","timestamp":"2025-06-23T23:25:47.462Z"}
{"level":"info","message":"Users fetched by manager: 68597e149a2f0da852261c1f, page: 1","timestamp":"2025-06-23T23:25:47.466Z"}
{"level":"info","message":"GET /api/tasks?page=1&limit=10&status=to-do","timestamp":"2025-06-23T23:25:53.775Z"}
{"level":"info","message":"Tasks fetched for user: 68597e149a2f0da852261c1f, page: 1","timestamp":"2025-06-23T23:25:53.787Z"}
{"level":"info","message":"GET /api/tasks?page=1&limit=10&status=in-progress","timestamp":"2025-06-23T23:25:54.387Z"}
{"level":"info","message":"Tasks fetched for user: 68597e149a2f0da852261c1f, page: 1","timestamp":"2025-06-23T23:25:54.393Z"}
{"level":"info","message":"GET /api/tasks?page=1&limit=10&status=completed","timestamp":"2025-06-23T23:25:55.999Z"}
{"level":"info","message":"Tasks fetched for user: 68597e149a2f0da852261c1f, page: 1","timestamp":"2025-06-23T23:25:56.003Z"}
{"level":"info","message":"GET /api/users?page=1&limit=100","timestamp":"2025-06-23T23:26:27.343Z"}
{"level":"info","message":"GET /api/tasks?page=1&limit=10","timestamp":"2025-06-23T23:26:27.346Z"}
{"level":"info","message":"Users fetched by manager: 68597e149a2f0da852261c1f, page: 1","timestamp":"2025-06-23T23:26:27.354Z"}
{"level":"info","message":"Tasks fetched for user: 68597e149a2f0da852261c1f, page: 1","timestamp":"2025-06-23T23:26:27.359Z"}
{"level":"info","message":"GET /api/users?page=1&limit=100","timestamp":"2025-06-23T23:27:15.665Z"}
{"level":"info","message":"GET /api/tasks?page=1&limit=10","timestamp":"2025-06-23T23:27:15.668Z"}
{"level":"info","message":"Users fetched by manager: 68597e149a2f0da852261c1f, page: 1","timestamp":"2025-06-23T23:27:15.679Z"}
{"level":"info","message":"Tasks fetched for user: 68597e149a2f0da852261c1f, page: 1","timestamp":"2025-06-23T23:27:15.689Z"}
{"level":"info","message":"GET /api/users?page=1&limit=100","timestamp":"2025-06-23T23:29:22.913Z"}
{"level":"info","message":"GET /api/tasks?page=1&limit=10","timestamp":"2025-06-23T23:29:22.918Z"}
{"level":"info","message":"Users fetched by manager: 68597e149a2f0da852261c1f, page: 1","timestamp":"2025-06-23T23:29:22.938Z"}
{"level":"info","message":"Tasks fetched for user: 68597e149a2f0da852261c1f, page: 1","timestamp":"2025-06-23T23:29:22.944Z"}
{"level":"info","message":"GET /api/users?page=1&limit=100","timestamp":"2025-06-23T23:30:56.719Z"}
{"level":"info","message":"GET /api/tasks?page=1&limit=10","timestamp":"2025-06-23T23:30:56.722Z"}
{"level":"info","message":"Users fetched by manager: 68597e149a2f0da852261c1f, page: 1","timestamp":"2025-06-23T23:30:56.731Z"}
{"level":"info","message":"Tasks fetched for user: 68597e149a2f0da852261c1f, page: 1","timestamp":"2025-06-23T23:30:56.733Z"}
{"level":"info","message":"GET /api/tasks?page=1&limit=10&status=in-progress","timestamp":"2025-06-23T23:31:46.866Z"}
{"level":"info","message":"Tasks fetched for user: 68597e149a2f0da852261c1f, page: 1","timestamp":"2025-06-23T23:31:46.871Z"}
{"level":"info","message":"GET /api/tasks?page=1&limit=10&status=completed","timestamp":"2025-06-23T23:31:50.716Z"}
{"level":"info","message":"Tasks fetched for user: 68597e149a2f0da852261c1f, page: 1","timestamp":"2025-06-23T23:31:50.721Z"}
{"level":"info","message":"GET /api/tasks?page=1&limit=10&status=to-do","timestamp":"2025-06-23T23:31:54.307Z"}
{"level":"info","message":"Tasks fetched for user: 68597e149a2f0da852261c1f, page: 1","timestamp":"2025-06-23T23:31:54.327Z"}
{"level":"info","message":"GET /api/users?page=1&limit=100","timestamp":"2025-06-23T23:32:16.952Z"}
{"level":"info","message":"GET /api/tasks?page=1&limit=10","timestamp":"2025-06-23T23:32:16.963Z"}
{"level":"info","message":"Users fetched by manager: 68597e149a2f0da852261c1f, page: 1","timestamp":"2025-06-23T23:32:16.972Z"}
{"level":"info","message":"Tasks fetched for user: 68597e149a2f0da852261c1f, page: 1","timestamp":"2025-06-23T23:32:16.976Z"}
{"level":"info","message":"GET /api/users?page=1&limit=10","timestamp":"2025-06-23T23:32:20.945Z"}
{"level":"info","message":"Users fetched by manager: 68597e149a2f0da852261c1f, page: 1","timestamp":"2025-06-23T23:32:20.951Z"}
{"level":"info","message":"GET /api/users?page=1&limit=10","timestamp":"2025-06-23T23:35:19.100Z"}
{"level":"info","message":"Users fetched by manager: 68597e149a2f0da852261c1f, page: 1","timestamp":"2025-06-23T23:35:19.105Z"}
{"level":"info","message":"GET /api/users?page=1&limit=100","timestamp":"2025-06-23T23:36:06.515Z"}
{"level":"info","message":"GET /api/tasks?page=1&limit=10","timestamp":"2025-06-23T23:36:06.519Z"}
{"level":"info","message":"Users fetched by manager: 68597e149a2f0da852261c1f, page: 1","timestamp":"2025-06-23T23:36:06.533Z"}
{"level":"info","message":"Tasks fetched for user: 68597e149a2f0da852261c1f, page: 1","timestamp":"2025-06-23T23:36:06.537Z"}
{"level":"info","message":"GET /api/users?page=1&limit=10","timestamp":"2025-06-23T23:36:14.662Z"}
{"level":"info","message":"Users fetched by manager: 68597e149a2f0da852261c1f, page: 1","timestamp":"2025-06-23T23:36:14.669Z"}
{"level":"info","message":"GET /api/users?page=1&limit=100","timestamp":"2025-06-23T23:38:59.619Z"}
{"level":"error","message":"Invalid token: jwt expired","timestamp":"2025-06-23T23:38:59.621Z"}
{"level":"info","message":"GET /api/tasks?page=1&limit=10","timestamp":"2025-06-23T23:38:59.622Z"}
{"level":"error","message":"Invalid token: jwt expired","timestamp":"2025-06-23T23:38:59.624Z"}
{"level":"info","message":"GET /api/tasks?page=1&limit=10&status=to-do","timestamp":"2025-06-23T23:39:04.599Z"}
{"level":"error","message":"Invalid token: jwt expired","timestamp":"2025-06-23T23:39:04.601Z"}
{"level":"info","message":"GET /api/tasks?page=1&limit=10&status=in-progress","timestamp":"2025-06-23T23:39:05.115Z"}
{"level":"error","message":"Invalid token: jwt expired","timestamp":"2025-06-23T23:39:05.116Z"}
{"level":"info","message":"GET /api/tasks?page=1&limit=10","timestamp":"2025-06-23T23:39:05.787Z"}
{"level":"error","message":"Invalid token: jwt expired","timestamp":"2025-06-23T23:39:05.789Z"}
{"level":"info","message":"GET /api/users?page=1&limit=100","timestamp":"2025-06-23T23:39:20.666Z"}
{"level":"error","message":"Invalid token: jwt expired","timestamp":"2025-06-23T23:39:20.668Z"}
{"level":"info","message":"GET /api/tasks?page=1&limit=10","timestamp":"2025-06-23T23:39:20.669Z"}
{"level":"error","message":"Invalid token: jwt expired","timestamp":"2025-06-23T23:39:20.671Z"}
{"level":"info","message":"POST /api/auth/login","timestamp":"2025-06-23T23:39:33.949Z"}
{"level":"warn","message":"Failed login attempt for email: admin@gmail.com","timestamp":"2025-06-23T23:39:34.039Z"}
{"level":"info","message":"POST /api/auth/login","timestamp":"2025-06-23T23:39:42.450Z"}
{"level":"info","message":"Refresh token generated for user: 68597e149a2f0da852261c1f","timestamp":"2025-06-23T23:39:42.555Z"}
{"level":"info","message":"User logged in: 68597e149a2f0da852261c1f","timestamp":"2025-06-23T23:39:42.555Z"}
{"level":"info","message":"GET /api/users?page=1&limit=100","timestamp":"2025-06-23T23:39:42.620Z"}
{"level":"info","message":"GET /api/tasks?page=1&limit=10","timestamp":"2025-06-23T23:39:42.623Z"}
{"level":"info","message":"Users fetched by manager: 68597e149a2f0da852261c1f, page: 1","timestamp":"2025-06-23T23:39:42.633Z"}
{"level":"info","message":"Tasks fetched for user: 68597e149a2f0da852261c1f, page: 1","timestamp":"2025-06-23T23:39:42.640Z"}
{"level":"info","message":"GET /api/tasks?page=1&limit=10&status=to-do","timestamp":"2025-06-23T23:39:49.646Z"}
{"level":"info","message":"Tasks fetched for user: 68597e149a2f0da852261c1f, page: 1","timestamp":"2025-06-23T23:39:49.653Z"}
{"level":"info","message":"GET /api/tasks?page=1&limit=10&status=in-progress","timestamp":"2025-06-23T23:39:53.336Z"}
{"level":"info","message":"Tasks fetched for user: 68597e149a2f0da852261c1f, page: 1","timestamp":"2025-06-23T23:39:53.340Z"}
{"level":"info","message":"GET /api/users?page=1&limit=10","timestamp":"2025-06-23T23:40:11.915Z"}
{"level":"info","message":"Users fetched by manager: 68597e149a2f0da852261c1f, page: 1","timestamp":"2025-06-23T23:40:11.920Z"}
{"level":"info","message":"GET /api/users?page=1&limit=100","timestamp":"2025-06-23T23:43:24.939Z"}
{"level":"info","message":"GET /api/tasks?page=1&limit=10","timestamp":"2025-06-23T23:43:24.943Z"}
{"level":"info","message":"Users fetched by manager: 68597e149a2f0da852261c1f, page: 1","timestamp":"2025-06-23T23:43:24.960Z"}
{"level":"info","message":"Tasks fetched for user: 68597e149a2f0da852261c1f, page: 1","timestamp":"2025-06-23T23:43:24.963Z"}
{"level":"info","message":"GET /api/tasks?page=1&limit=10&status=to-do","timestamp":"2025-06-23T23:43:26.717Z"}
{"level":"info","message":"Tasks fetched for user: 68597e149a2f0da852261c1f, page: 1","timestamp":"2025-06-23T23:43:26.730Z"}
{"level":"info","message":"GET /api/tasks?page=1&limit=10&status=in-progress","timestamp":"2025-06-23T23:43:27.396Z"}
{"level":"info","message":"Tasks fetched for user: 68597e149a2f0da852261c1f, page: 1","timestamp":"2025-06-23T23:43:27.399Z"}
{"level":"info","message":"GET /api/tasks?page=1&limit=10&status=completed","timestamp":"2025-06-23T23:43:29.188Z"}
{"level":"info","message":"Tasks fetched for user: 68597e149a2f0da852261c1f, page: 1","timestamp":"2025-06-23T23:43:29.194Z"}
{"level":"info","message":"GET /api/tasks?page=1&limit=10","timestamp":"2025-06-23T23:44:18.378Z"}
{"level":"warn","message":"No token provided","timestamp":"2025-06-23T23:44:18.378Z"}
{"level":"info","message":"POST /api/auth/login","timestamp":"2025-06-23T23:44:32.366Z"}
{"level":"info","message":"Refresh token generated for user: 68597f0a9a2f0da852261c35","timestamp":"2025-06-23T23:44:32.469Z"}
{"level":"info","message":"User logged in: 68597f0a9a2f0da852261c35","timestamp":"2025-06-23T23:44:32.470Z"}
{"level":"info","message":"GET /api/tasks?page=1&limit=10","timestamp":"2025-06-23T23:44:32.492Z"}
{"level":"info","message":"Tasks fetched for user: 68597f0a9a2f0da852261c35, page: 1","timestamp":"2025-06-23T23:44:32.501Z"}
{"level":"info","message":"GET /api/tasks?page=1&limit=10","timestamp":"2025-06-23T23:45:19.192Z"}
{"level":"warn","message":"No token provided","timestamp":"2025-06-23T23:45:19.192Z"}
{"level":"info","message":"POST /api/auth/login","timestamp":"2025-06-23T23:45:36.539Z"}
{"level":"info","message":"Refresh token generated for user: 68597e149a2f0da852261c1f","timestamp":"2025-06-23T23:45:36.654Z"}
{"level":"info","message":"User logged in: 68597e149a2f0da852261c1f","timestamp":"2025-06-23T23:45:36.655Z"}
{"level":"info","message":"GET /api/users?page=1&limit=100","timestamp":"2025-06-23T23:45:36.737Z"}
{"level":"info","message":"GET /api/tasks?page=1&limit=10","timestamp":"2025-06-23T23:45:36.749Z"}
{"level":"info","message":"Users fetched by manager: 68597e149a2f0da852261c1f, page: 1","timestamp":"2025-06-23T23:45:36.763Z"}
{"level":"info","message":"Tasks fetched for user: 68597e149a2f0da852261c1f, page: 1","timestamp":"2025-06-23T23:45:36.766Z"}
{"level":"info","message":"GET /api/tasks?page=1&limit=10","timestamp":"2025-06-23T23:45:56.323Z"}
{"level":"warn","message":"No token provided","timestamp":"2025-06-23T23:45:56.328Z"}
{"level":"info","message":"POST /api/auth/login","timestamp":"2025-06-23T23:46:36.205Z"}
{"level":"info","message":"Refresh token generated for user: 68597e149a2f0da852261c1f","timestamp":"2025-06-23T23:46:36.308Z"}
{"level":"info","message":"User logged in: 68597e149a2f0da852261c1f","timestamp":"2025-06-23T23:46:36.308Z"}
{"level":"info","message":"GET /api/users?page=1&limit=100","timestamp":"2025-06-23T23:46:36.390Z"}
{"level":"info","message":"GET /api/tasks?page=1&limit=10","timestamp":"2025-06-23T23:46:36.401Z"}
{"level":"info","message":"Users fetched by manager: 68597e149a2f0da852261c1f, page: 1","timestamp":"2025-06-23T23:46:36.412Z"}
{"level":"info","message":"Tasks fetched for user: 68597e149a2f0da852261c1f, page: 1","timestamp":"2025-06-23T23:46:36.420Z"}
{"level":"info","message":"Server running on port 5000","timestamp":"2025-06-23T23:53:06.596Z"}
{"level":"info","message":"MongoDB connected","timestamp":"2025-06-23T23:53:06.611Z"}
{"level":"info","message":"GET /api/users?page=1&limit=100","timestamp":"2025-06-23T23:53:11.028Z"}
{"level":"info","message":"GET /api/tasks?page=1&limit=10","timestamp":"2025-06-23T23:53:11.047Z"}
{"level":"info","message":"Users fetched by manager: 68597e149a2f0da852261c1f, page: 1","timestamp":"2025-06-23T23:53:11.089Z"}
{"level":"info","message":"Tasks fetched for user: 68597e149a2f0da852261c1f, page: 1","timestamp":"2025-06-23T23:53:11.106Z"}
{"level":"info","message":"GET /api/tasks?page=1&limit=10","timestamp":"2025-06-23T23:53:18.920Z"}
{"level":"warn","message":"No token provided","timestamp":"2025-06-23T23:53:18.924Z"}
{"level":"info","message":"POST /api/auth/login","timestamp":"2025-06-23T23:53:32.373Z"}
{"level":"info","message":"POST /api/auth/login","timestamp":"2025-06-23T23:53:34.204Z"}
{"level":"info","message":"POST /api/auth/login","timestamp":"2025-06-23T23:53:56.578Z"}
{"level":"info","message":"POST /api/auth/login","timestamp":"2025-06-23T23:53:57.240Z"}
{"level":"info","message":"Server running on port 5000","timestamp":"2025-06-23T23:54:02.161Z"}
{"level":"info","message":"MongoDB connected","timestamp":"2025-06-23T23:54:02.179Z"}
{"level":"info","message":"POST /api/auth/login","timestamp":"2025-06-23T23:54:04.626Z"}
{"level":"info","message":"Refresh token generated for user: 68597e149a2f0da852261c1f","timestamp":"2025-06-23T23:54:04.744Z"}
{"level":"info","message":"User logged in: 68597e149a2f0da852261c1f","timestamp":"2025-06-23T23:54:04.745Z"}
{"level":"info","message":"GET /api/users?page=1&limit=100","timestamp":"2025-06-23T23:54:04.901Z"}
{"level":"info","message":"GET /api/tasks?page=1&limit=10","timestamp":"2025-06-23T23:54:04.907Z"}
{"level":"info","message":"Users fetched by manager: 68597e149a2f0da852261c1f, page: 1","timestamp":"2025-06-23T23:54:04.933Z"}
{"level":"info","message":"Tasks fetched for user: 68597e149a2f0da852261c1f, page: 1","timestamp":"2025-06-23T23:54:04.961Z"}
{"level":"info","message":"GET /api/users?page=1&limit=100","timestamp":"2025-06-23T23:54:08.025Z"}
{"level":"info","message":"GET /api/tasks?page=1&limit=10","timestamp":"2025-06-23T23:54:08.029Z"}
{"level":"info","message":"Users fetched by manager: 68597e149a2f0da852261c1f, page: 1","timestamp":"2025-06-23T23:54:08.046Z"}
{"level":"info","message":"Tasks fetched for user: 68597e149a2f0da852261c1f, page: 1","timestamp":"2025-06-23T23:54:08.051Z"}
{"level":"info","message":"GET /api/users?page=1&limit=100","timestamp":"2025-06-23T23:54:11.944Z"}
{"level":"info","message":"GET /api/tasks?page=1&limit=10","timestamp":"2025-06-23T23:54:11.963Z"}
{"level":"info","message":"Users fetched by manager: 68597e149a2f0da852261c1f, page: 1","timestamp":"2025-06-23T23:54:12.018Z"}
{"level":"info","message":"Tasks fetched for user: 68597e149a2f0da852261c1f, page: 1","timestamp":"2025-06-23T23:54:12.029Z"}
{"level":"info","message":"GET /api/tasks?page=1&limit=10","timestamp":"2025-06-23T23:57:20.334Z"}
{"level":"warn","message":"No token provided","timestamp":"2025-06-23T23:57:20.345Z"}
{"level":"info","message":"POST /api/auth/login","timestamp":"2025-06-23T23:57:29.030Z"}
{"level":"info","message":"Refresh token generated for user: 68597e149a2f0da852261c1f","timestamp":"2025-06-23T23:57:29.138Z"}
{"level":"info","message":"User logged in: 68597e149a2f0da852261c1f","timestamp":"2025-06-23T23:57:29.138Z"}
{"level":"info","message":"GET /api/users?page=1&limit=100","timestamp":"2025-06-23T23:57:29.316Z"}
{"level":"info","message":"GET /api/tasks?page=1&limit=10","timestamp":"2025-06-23T23:57:29.321Z"}
{"level":"info","message":"Users fetched by manager: 68597e149a2f0da852261c1f, page: 1","timestamp":"2025-06-23T23:57:29.340Z"}
{"level":"info","message":"Tasks fetched for user: 68597e149a2f0da852261c1f, page: 1","timestamp":"2025-06-23T23:57:29.358Z"}
{"level":"info","message":"GET /api/tasks?page=1&limit=10","timestamp":"2025-06-23T23:57:46.548Z"}
{"level":"warn","message":"No token provided","timestamp":"2025-06-23T23:57:46.550Z"}
{"level":"info","message":"POST /api/auth/login","timestamp":"2025-06-23T23:57:55.244Z"}
{"level":"info","message":"Refresh token generated for user: 68597e149a2f0da852261c1f","timestamp":"2025-06-23T23:57:55.413Z"}
{"level":"info","message":"User logged in: 68597e149a2f0da852261c1f","timestamp":"2025-06-23T23:57:55.414Z"}
{"level":"info","message":"GET /api/users?page=1&limit=100","timestamp":"2025-06-23T23:57:55.669Z"}
{"level":"info","message":"GET /api/tasks?page=1&limit=10","timestamp":"2025-06-23T23:57:55.678Z"}
{"level":"info","message":"Users fetched by manager: 68597e149a2f0da852261c1f, page: 1","timestamp":"2025-06-23T23:57:55.753Z"}
{"level":"info","message":"Tasks fetched for user: 68597e149a2f0da852261c1f, page: 1","timestamp":"2025-06-23T23:57:55.771Z"}
{"level":"info","message":"GET /api/users?page=1&limit=100","timestamp":"2025-06-23T23:58:11.955Z"}
{"level":"info","message":"GET /api/tasks?page=1&limit=10","timestamp":"2025-06-23T23:58:11.985Z"}
{"level":"info","message":"Users fetched by manager: 68597e149a2f0da852261c1f, page: 1","timestamp":"2025-06-23T23:58:12.005Z"}
{"level":"info","message":"Tasks fetched for user: 68597e149a2f0da852261c1f, page: 1","timestamp":"2025-06-23T23:58:12.014Z"}
{"level":"info","message":"GET /api/users?page=1&limit=100","timestamp":"2025-06-23T23:58:31.598Z"}
{"level":"info","message":"GET /api/tasks?page=1&limit=10","timestamp":"2025-06-23T23:58:31.606Z"}
{"level":"info","message":"Users fetched by manager: 68597e149a2f0da852261c1f, page: 1","timestamp":"2025-06-23T23:58:31.625Z"}
{"level":"info","message":"Tasks fetched for user: 68597e149a2f0da852261c1f, page: 1","timestamp":"2025-06-23T23:58:31.632Z"}
{"level":"info","message":"POST /api/auth/login","timestamp":"2025-06-23T23:58:43.944Z"}
{"level":"info","message":"Refresh token generated for user: 68597e149a2f0da852261c1f","timestamp":"2025-06-23T23:58:44.052Z"}
{"level":"info","message":"User logged in: 68597e149a2f0da852261c1f","timestamp":"2025-06-23T23:58:44.053Z"}
{"level":"info","message":"GET /api/tasks?page=1&limit=10&status=to-do","timestamp":"2025-06-23T23:58:48.390Z"}
{"level":"info","message":"Tasks fetched for user: 68597e149a2f0da852261c1f, page: 1","timestamp":"2025-06-23T23:58:48.407Z"}
{"level":"info","message":"GET /api/tasks?page=1&limit=10&status=in-progress","timestamp":"2025-06-23T23:58:48.948Z"}
{"level":"info","message":"Tasks fetched for user: 68597e149a2f0da852261c1f, page: 1","timestamp":"2025-06-23T23:58:48.953Z"}
{"level":"info","message":"GET /api/tasks?page=1&limit=10&status=completed","timestamp":"2025-06-23T23:58:49.945Z"}
{"level":"info","message":"Tasks fetched for user: 68597e149a2f0da852261c1f, page: 1","timestamp":"2025-06-23T23:58:49.950Z"}
{"level":"info","message":"GET /api/users?page=1&limit=10","timestamp":"2025-06-23T23:58:55.427Z"}
{"level":"info","message":"Users fetched by manager: 68597e149a2f0da852261c1f, page: 1","timestamp":"2025-06-23T23:58:55.433Z"}
{"level":"info","message":"POST /api/auth/login","timestamp":"2025-06-23T23:59:04.833Z"}
{"level":"info","message":"Refresh token generated for user: 68597f0a9a2f0da852261c35","timestamp":"2025-06-23T23:59:04.936Z"}
{"level":"info","message":"User logged in: 68597f0a9a2f0da852261c35","timestamp":"2025-06-23T23:59:04.936Z"}
{"level":"info","message":"POST /api/auth/login","timestamp":"2025-06-23T23:59:30.325Z"}
{"level":"info","message":"Refresh token generated for user: 68597e149a2f0da852261c1f","timestamp":"2025-06-23T23:59:30.431Z"}
{"level":"info","message":"User logged in: 68597e149a2f0da852261c1f","timestamp":"2025-06-23T23:59:30.432Z"}
{"level":"info","message":"GET /api/users?page=1&limit=100","timestamp":"2025-06-24T00:00:18.188Z"}
{"level":"info","message":"GET /api/tasks?page=1&limit=10","timestamp":"2025-06-24T00:00:18.204Z"}
{"level":"info","message":"Users fetched by manager: 68597e149a2f0da852261c1f, page: 1","timestamp":"2025-06-24T00:00:18.213Z"}
{"level":"info","message":"Tasks fetched for user: 68597e149a2f0da852261c1f, page: 1","timestamp":"2025-06-24T00:00:18.218Z"}
{"level":"info","message":"GET /api/users?page=1&limit=100","timestamp":"2025-06-24T00:00:34.654Z"}
{"level":"info","message":"GET /api/tasks?page=1&limit=10","timestamp":"2025-06-24T00:00:34.739Z"}
{"level":"info","message":"Users fetched by manager: 68597e149a2f0da852261c1f, page: 1","timestamp":"2025-06-24T00:00:34.847Z"}
{"level":"info","message":"Tasks fetched for user: 68597e149a2f0da852261c1f, page: 1","timestamp":"2025-06-24T00:00:34.885Z"}
{"level":"info","message":"GET /api/users?page=1&limit=10","timestamp":"2025-06-24T00:02:16.617Z"}
{"level":"info","message":"Users fetched by manager: 68597e149a2f0da852261c1f, page: 1","timestamp":"2025-06-24T00:02:16.632Z"}
{"level":"info","message":"POST /api/auth/login","timestamp":"2025-06-24T00:02:57.009Z"}
{"level":"info","message":"Refresh token generated for user: 68597e149a2f0da852261c1f","timestamp":"2025-06-24T00:02:57.305Z"}
{"level":"info","message":"User logged in: 68597e149a2f0da852261c1f","timestamp":"2025-06-24T00:02:57.306Z"}
{"level":"info","message":"GET /api/users?page=1&limit=100","timestamp":"2025-06-24T00:05:06.265Z"}
{"level":"info","message":"GET /api/tasks?page=1&limit=10","timestamp":"2025-06-24T00:05:06.299Z"}
{"level":"info","message":"Users fetched by manager: 68597e149a2f0da852261c1f, page: 1","timestamp":"2025-06-24T00:05:06.311Z"}
{"level":"info","message":"Tasks fetched for user: 68597e149a2f0da852261c1f, page: 1","timestamp":"2025-06-24T00:05:06.317Z"}
{"level":"info","message":"GET /api/users?page=1&limit=10","timestamp":"2025-06-24T00:05:54.799Z"}
{"level":"info","message":"Users fetched by manager: 68597e149a2f0da852261c1f, page: 1","timestamp":"2025-06-24T00:05:54.812Z"}
{"level":"info","message":"GET /api/users?page=1&limit=100","timestamp":"2025-06-24T00:07:09.317Z"}
{"level":"info","message":"GET /api/tasks?page=1&limit=10","timestamp":"2025-06-24T00:07:09.322Z"}
{"level":"info","message":"Users fetched by manager: 68597e149a2f0da852261c1f, page: 1","timestamp":"2025-06-24T00:07:09.335Z"}
{"level":"info","message":"Tasks fetched for user: 68597e149a2f0da852261c1f, page: 1","timestamp":"2025-06-24T00:07:09.341Z"}
{"level":"info","message":"GET /api/users?page=1&limit=100","timestamp":"2025-06-24T00:09:42.460Z"}
{"level":"info","message":"GET /api/tasks?page=1&limit=10","timestamp":"2025-06-24T00:09:42.466Z"}
{"level":"info","message":"Users fetched by manager: 68597e149a2f0da852261c1f, page: 1","timestamp":"2025-06-24T00:09:42.481Z"}
{"level":"info","message":"Tasks fetched for user: 68597e149a2f0da852261c1f, page: 1","timestamp":"2025-06-24T00:09:42.488Z"}
{"level":"info","message":"GET /api/tasks?page=1&limit=10&status=to-do","timestamp":"2025-06-24T00:10:38.211Z"}
{"level":"info","message":"Tasks fetched for user: 68597e149a2f0da852261c1f, page: 1","timestamp":"2025-06-24T00:10:38.229Z"}
{"level":"info","message":"GET /api/tasks?page=1&limit=10&status=in-progress","timestamp":"2025-06-24T00:10:38.846Z"}
{"level":"info","message":"Tasks fetched for user: 68597e149a2f0da852261c1f, page: 1","timestamp":"2025-06-24T00:10:38.862Z"}
{"level":"info","message":"GET /api/tasks?page=1&limit=10&status=completed","timestamp":"2025-06-24T00:10:39.992Z"}
{"level":"info","message":"Tasks fetched for user: 68597e149a2f0da852261c1f, page: 1","timestamp":"2025-06-24T00:10:40.006Z"}
{"level":"info","message":"GET /api/users?page=1&limit=100","timestamp":"2025-06-24T00:10:59.745Z"}
{"level":"info","message":"GET /api/tasks?page=1&limit=10","timestamp":"2025-06-24T00:10:59.750Z"}
{"level":"info","message":"Users fetched by manager: 68597e149a2f0da852261c1f, page: 1","timestamp":"2025-06-24T00:10:59.763Z"}
{"level":"info","message":"Tasks fetched for user: 68597e149a2f0da852261c1f, page: 1","timestamp":"2025-06-24T00:10:59.768Z"}
{"level":"info","message":"GET /api/users?page=1&limit=100","timestamp":"2025-06-24T00:12:11.336Z"}
{"level":"info","message":"GET /api/tasks?page=1&limit=10","timestamp":"2025-06-24T00:12:11.342Z"}
{"level":"info","message":"Users fetched by manager: 68597e149a2f0da852261c1f, page: 1","timestamp":"2025-06-24T00:12:11.356Z"}
{"level":"info","message":"Tasks fetched for user: 68597e149a2f0da852261c1f, page: 1","timestamp":"2025-06-24T00:12:11.363Z"}
{"level":"info","message":"GET /api/users?page=1&limit=100","timestamp":"2025-06-24T00:12:51.805Z"}
{"level":"info","message":"GET /api/tasks?page=1&limit=10","timestamp":"2025-06-24T00:12:51.811Z"}
{"level":"info","message":"Users fetched by manager: 68597e149a2f0da852261c1f, page: 1","timestamp":"2025-06-24T00:12:51.825Z"}
{"level":"info","message":"Tasks fetched for user: 68597e149a2f0da852261c1f, page: 1","timestamp":"2025-06-24T00:12:51.832Z"}
{"level":"info","message":"GET /api/users?page=1&limit=100","timestamp":"2025-06-24T00:13:20.499Z"}
{"level":"info","message":"GET /api/tasks?page=1&limit=10","timestamp":"2025-06-24T00:13:20.504Z"}
{"level":"info","message":"Users fetched by manager: 68597e149a2f0da852261c1f, page: 1","timestamp":"2025-06-24T00:13:20.520Z"}
{"level":"info","message":"Tasks fetched for user: 68597e149a2f0da852261c1f, page: 1","timestamp":"2025-06-24T00:13:20.529Z"}
{"level":"info","message":"GET /api/tasks?page=1&limit=10&status=to-do","timestamp":"2025-06-24T00:13:49.770Z"}
{"level":"info","message":"Tasks fetched for user: 68597e149a2f0da852261c1f, page: 1","timestamp":"2025-06-24T00:13:49.789Z"}
{"level":"info","message":"GET /api/tasks?page=1&limit=10&status=in-progress","timestamp":"2025-06-24T00:13:50.366Z"}
{"level":"info","message":"Tasks fetched for user: 68597e149a2f0da852261c1f, page: 1","timestamp":"2025-06-24T00:13:50.380Z"}
{"level":"info","message":"GET /api/tasks?page=1&limit=10&status=completed","timestamp":"2025-06-24T00:14:48.374Z"}
{"level":"info","message":"Tasks fetched for user: 68597e149a2f0da852261c1f, page: 1","timestamp":"2025-06-24T00:14:48.385Z"}
{"level":"info","message":"GET /api/users?page=1&limit=10","timestamp":"2025-06-24T00:15:33.556Z"}
{"level":"info","message":"Users fetched by manager: 68597e149a2f0da852261c1f, page: 1","timestamp":"2025-06-24T00:15:33.570Z"}
{"level":"info","message":"GET /api/users?page=1&limit=100","timestamp":"2025-06-24T00:17:00.179Z"}
{"level":"info","message":"GET /api/tasks?page=1&limit=10","timestamp":"2025-06-24T00:17:00.184Z"}
{"level":"info","message":"Users fetched by manager: 68597e149a2f0da852261c1f, page: 1","timestamp":"2025-06-24T00:17:00.194Z"}
{"level":"info","message":"Tasks fetched for user: 68597e149a2f0da852261c1f, page: 1","timestamp":"2025-06-24T00:17:00.203Z"}
{"level":"info","message":"GET /api/users?page=1&limit=100","timestamp":"2025-06-24T00:18:09.615Z"}
{"level":"error","message":"Invalid token: jwt expired","timestamp":"2025-06-24T00:18:09.621Z"}
{"level":"info","message":"GET /api/tasks?page=1&limit=10","timestamp":"2025-06-24T00:18:09.627Z"}
{"level":"error","message":"Invalid token: jwt expired","timestamp":"2025-06-24T00:18:09.630Z"}
{"level":"info","message":"GET /api/users?page=1&limit=10","timestamp":"2025-06-24T00:18:25.650Z"}
{"level":"error","message":"Invalid token: jwt expired","timestamp":"2025-06-24T00:18:25.654Z"}
{"level":"info","message":"GET /api/users?page=1&limit=100","timestamp":"2025-06-24T00:18:27.315Z"}
{"level":"error","message":"Invalid token: jwt expired","timestamp":"2025-06-24T00:18:27.317Z"}
{"level":"info","message":"GET /api/tasks?page=1&limit=10","timestamp":"2025-06-24T00:18:27.320Z"}
{"level":"error","message":"Invalid token: jwt expired","timestamp":"2025-06-24T00:18:27.324Z"}
{"level":"info","message":"GET /api/users?page=1&limit=10","timestamp":"2025-06-24T00:19:43.567Z"}
{"level":"error","message":"Invalid token: jwt expired","timestamp":"2025-06-24T00:19:43.572Z"}
{"level":"info","message":"GET /api/users?page=1&limit=100","timestamp":"2025-06-24T00:19:47.189Z"}
{"level":"error","message":"Invalid token: jwt expired","timestamp":"2025-06-24T00:19:47.193Z"}
{"level":"info","message":"GET /api/tasks?page=1&limit=10","timestamp":"2025-06-24T00:19:47.195Z"}
{"level":"error","message":"Invalid token: jwt expired","timestamp":"2025-06-24T00:19:47.197Z"}
{"level":"info","message":"GET /api/users?page=1&limit=10","timestamp":"2025-06-24T00:19:48.858Z"}
{"level":"error","message":"Invalid token: jwt expired","timestamp":"2025-06-24T00:19:48.862Z"}
{"level":"info","message":"GET /api/users?page=1&limit=100","timestamp":"2025-06-24T00:19:50.451Z"}
{"level":"error","message":"Invalid token: jwt expired","timestamp":"2025-06-24T00:19:50.454Z"}
{"level":"info","message":"GET /api/tasks?page=1&limit=10","timestamp":"2025-06-24T00:19:50.457Z"}
{"level":"error","message":"Invalid token: jwt expired","timestamp":"2025-06-24T00:19:50.461Z"}
{"level":"info","message":"Server running on port 5000","timestamp":"2025-06-24T00:20:56.779Z"}
{"level":"info","message":"MongoDB connected","timestamp":"2025-06-24T00:20:56.807Z"}
{"level":"info","message":"GET /api/users?page=1&limit=100","timestamp":"2025-06-24T00:21:03.459Z"}
{"level":"error","message":"Invalid token: jwt expired","timestamp":"2025-06-24T00:21:03.478Z"}
{"level":"info","message":"GET /api/tasks?page=1&limit=10","timestamp":"2025-06-24T00:21:03.483Z"}
{"level":"error","message":"Invalid token: jwt expired","timestamp":"2025-06-24T00:21:03.487Z"}
{"level":"info","message":"GET /api/tasks?page=1&limit=10","timestamp":"2025-06-24T00:21:56.445Z"}
{"level":"error","message":"Invalid token: jwt expired","timestamp":"2025-06-24T00:21:56.448Z"}
{"level":"info","message":"GET /api/tasks?page=1&limit=10","timestamp":"2025-06-24T00:21:58.357Z"}
{"level":"error","message":"Invalid token: jwt expired","timestamp":"2025-06-24T00:21:58.360Z"}
{"level":"info","message":"GET /api/tasks?page=1&limit=10","timestamp":"2025-06-24T00:22:05.386Z"}
{"level":"error","message":"Invalid token: jwt expired","timestamp":"2025-06-24T00:22:05.389Z"}
{"level":"info","message":"GET /api/tasks?page=1&limit=10","timestamp":"2025-06-24T00:22:08.372Z"}
{"level":"error","message":"Invalid token: jwt expired","timestamp":"2025-06-24T00:22:08.375Z"}
{"level":"info","message":"GET /api/tasks?page=1&limit=10","timestamp":"2025-06-24T00:22:09.949Z"}
{"level":"error","message":"Invalid token: jwt expired","timestamp":"2025-06-24T00:22:09.951Z"}
{"level":"info","message":"GET /api/tasks?page=1&limit=10","timestamp":"2025-06-24T00:22:13.428Z"}
{"level":"error","message":"Invalid token: jwt expired","timestamp":"2025-06-24T00:22:13.432Z"}
{"level":"info","message":"GET /api/tasks?page=1&limit=10","timestamp":"2025-06-24T00:22:33.390Z"}
{"level":"error","message":"Invalid token: jwt expired","timestamp":"2025-06-24T00:22:33.401Z"}
{"level":"info","message":"GET /api/tasks?page=1&limit=10","timestamp":"2025-06-24T00:22:34.742Z"}
{"level":"error","message":"Invalid token: jwt expired","timestamp":"2025-06-24T00:22:34.746Z"}
{"level":"info","message":"GET /api/users?page=1&limit=100","timestamp":"2025-06-24T00:22:34.749Z"}
{"level":"error","message":"Invalid token: jwt expired","timestamp":"2025-06-24T00:22:34.752Z"}
{"level":"info","message":"POST /api/auth/login","timestamp":"2025-06-24T00:22:44.823Z"}
{"level":"info","message":"Refresh token generated for user: 68597e149a2f0da852261c1f","timestamp":"2025-06-24T00:22:45.286Z"}
{"level":"info","message":"User logged in: 68597e149a2f0da852261c1f","timestamp":"2025-06-24T00:22:45.287Z"}
{"level":"info","message":"GET /api/users?page=1&limit=100","timestamp":"2025-06-24T00:22:45.376Z"}
{"level":"info","message":"GET /api/tasks?page=1&limit=10","timestamp":"2025-06-24T00:22:45.393Z"}
{"level":"info","message":"Users fetched by manager: 68597e149a2f0da852261c1f, page: 1","timestamp":"2025-06-24T00:22:45.436Z"}
{"level":"info","message":"Tasks fetched for user: 68597e149a2f0da852261c1f, page: 1","timestamp":"2025-06-24T00:22:45.451Z"}
{"level":"info","message":"GET /api/users?page=1&limit=100","timestamp":"2025-06-24T00:23:29.758Z"}
{"level":"info","message":"GET /api/tasks?page=1&limit=10","timestamp":"2025-06-24T00:23:29.766Z"}
{"level":"info","message":"Users fetched by manager: 68597e149a2f0da852261c1f, page: 1","timestamp":"2025-06-24T00:23:29.795Z"}
{"level":"info","message":"Tasks fetched for user: 68597e149a2f0da852261c1f, page: 1","timestamp":"2025-06-24T00:23:29.812Z"}
{"level":"info","message":"GET /api/users?page=1&limit=100","timestamp":"2025-06-24T00:24:11.666Z"}
{"level":"info","message":"GET /api/tasks?page=1&limit=10","timestamp":"2025-06-24T00:24:11.671Z"}
{"level":"info","message":"Users fetched by manager: 68597e149a2f0da852261c1f, page: 1","timestamp":"2025-06-24T00:24:11.689Z"}
{"level":"info","message":"Tasks fetched for user: 68597e149a2f0da852261c1f, page: 1","timestamp":"2025-06-24T00:24:11.702Z"}
{"level":"info","message":"GET /api/users?page=1&limit=10","timestamp":"2025-06-24T00:24:19.088Z"}
{"level":"info","message":"Users fetched by manager: 68597e149a2f0da852261c1f, page: 1","timestamp":"2025-06-24T00:24:19.100Z"}
{"level":"info","message":"GET /api/users?page=1&limit=100","timestamp":"2025-06-24T00:25:45.522Z"}
{"level":"info","message":"GET /api/tasks?page=1&limit=10","timestamp":"2025-06-24T00:25:45.526Z"}
{"level":"info","message":"Users fetched by manager: 68597e149a2f0da852261c1f, page: 1","timestamp":"2025-06-24T00:25:45.540Z"}
{"level":"info","message":"Tasks fetched for user: 68597e149a2f0da852261c1f, page: 1","timestamp":"2025-06-24T00:25:45.545Z"}
{"level":"info","message":"GET /api/users?page=1&limit=100","timestamp":"2025-06-24T00:26:48.314Z"}
{"level":"info","message":"GET /api/tasks?page=1&limit=10","timestamp":"2025-06-24T00:26:48.318Z"}
{"level":"info","message":"Users fetched by manager: 68597e149a2f0da852261c1f, page: 1","timestamp":"2025-06-24T00:26:48.334Z"}
{"level":"info","message":"Tasks fetched for user: 68597e149a2f0da852261c1f, page: 1","timestamp":"2025-06-24T00:26:48.343Z"}
{"level":"info","message":"GET /api/users?page=1&limit=100","timestamp":"2025-06-24T00:27:00.143Z"}
{"level":"info","message":"GET /api/tasks?page=1&limit=10","timestamp":"2025-06-24T00:27:00.152Z"}
{"level":"info","message":"Users fetched by manager: 68597e149a2f0da852261c1f, page: 1","timestamp":"2025-06-24T00:27:00.182Z"}
{"level":"info","message":"Tasks fetched for user: 68597e149a2f0da852261c1f, page: 1","timestamp":"2025-06-24T00:27:00.197Z"}
{"level":"info","message":"GET /api/users?page=1&limit=10","timestamp":"2025-06-24T00:27:27.086Z"}
{"level":"info","message":"Users fetched by manager: 68597e149a2f0da852261c1f, page: 1","timestamp":"2025-06-24T00:27:27.097Z"}
{"level":"info","message":"GET /api/users?page=1&limit=10","timestamp":"2025-06-24T00:30:04.473Z"}
{"level":"info","message":"Users fetched by manager: 68597e149a2f0da852261c1f, page: 1","timestamp":"2025-06-24T00:30:04.488Z"}
{"level":"info","message":"GET /api/users?page=1&limit=100","timestamp":"2025-06-24T00:30:14.490Z"}
{"level":"info","message":"GET /api/tasks?page=1&limit=10","timestamp":"2025-06-24T00:30:14.494Z"}
{"level":"info","message":"Users fetched by manager: 68597e149a2f0da852261c1f, page: 1","timestamp":"2025-06-24T00:30:14.520Z"}
{"level":"info","message":"Tasks fetched for user: 68597e149a2f0da852261c1f, page: 1","timestamp":"2025-06-24T00:30:14.529Z"}
{"level":"info","message":"GET /api/tasks?page=1&limit=10","timestamp":"2025-06-24T00:31:59.054Z"}
{"level":"info","message":"GET /api/users?page=1&limit=100","timestamp":"2025-06-24T00:31:59.057Z"}
{"level":"info","message":"Users fetched by manager: 68597e149a2f0da852261c1f, page: 1","timestamp":"2025-06-24T00:31:59.072Z"}
{"level":"info","message":"Tasks fetched for user: 68597e149a2f0da852261c1f, page: 1","timestamp":"2025-06-24T00:31:59.073Z"}
{"level":"info","message":"GET /api/users?page=1&limit=10","timestamp":"2025-06-24T00:34:19.318Z"}
{"level":"info","message":"Users fetched by manager: 68597e149a2f0da852261c1f, page: 1","timestamp":"2025-06-24T00:34:19.328Z"}
{"level":"info","message":"GET /api/users?page=1&limit=10","timestamp":"2025-06-24T00:36:20.348Z"}
{"level":"info","message":"Users fetched by manager: 68597e149a2f0da852261c1f, page: 1","timestamp":"2025-06-24T00:36:20.353Z"}
{"level":"info","message":"GET /api/users?page=1&limit=100","timestamp":"2025-06-24T00:37:07.520Z"}
{"level":"info","message":"GET /api/tasks?page=1&limit=10","timestamp":"2025-06-24T00:37:07.525Z"}
{"level":"info","message":"Users fetched by manager: 68597e149a2f0da852261c1f, page: 1","timestamp":"2025-06-24T00:37:07.549Z"}
{"level":"info","message":"Tasks fetched for user: 68597e149a2f0da852261c1f, page: 1","timestamp":"2025-06-24T00:37:07.555Z"}
{"level":"info","message":"GET /api/users?page=1&limit=10","timestamp":"2025-06-24T00:39:39.964Z"}
{"level":"info","message":"Users fetched by manager: 68597e149a2f0da852261c1f, page: 1","timestamp":"2025-06-24T00:39:39.991Z"}
{"level":"info","message":"GET /api/users?page=1&limit=10","timestamp":"2025-06-24T00:46:31.090Z"}
{"level":"info","message":"Users fetched by manager: 68597e149a2f0da852261c1f, page: 1","timestamp":"2025-06-24T00:46:31.099Z"}
{"level":"info","message":"GET /api/users?page=1&limit=10","timestamp":"2025-06-24T00:46:32.723Z"}
{"level":"info","message":"Users fetched by manager: 68597e149a2f0da852261c1f, page: 1","timestamp":"2025-06-24T00:46:32.729Z"}
{"level":"info","message":"GET /api/users?page=1&limit=100","timestamp":"2025-06-24T00:47:04.326Z"}
{"level":"info","message":"GET /api/tasks?page=1&limit=10","timestamp":"2025-06-24T00:47:04.340Z"}
{"level":"info","message":"Users fetched by manager: 68597e149a2f0da852261c1f, page: 1","timestamp":"2025-06-24T00:47:04.347Z"}
{"level":"info","message":"Tasks fetched for user: 68597e149a2f0da852261c1f, page: 1","timestamp":"2025-06-24T00:47:04.352Z"}
{"level":"info","message":"GET /api/tasks?page=1&limit=10&status=to-do","timestamp":"2025-06-24T00:48:11.706Z"}
{"level":"info","message":"Tasks fetched for user: 68597e149a2f0da852261c1f, page: 1","timestamp":"2025-06-24T00:48:11.717Z"}
{"level":"info","message":"GET /api/tasks?page=1&limit=10&status=in-progress","timestamp":"2025-06-24T00:48:12.656Z"}
{"level":"info","message":"Tasks fetched for user: 68597e149a2f0da852261c1f, page: 1","timestamp":"2025-06-24T00:48:12.670Z"}
{"level":"info","message":"GET /api/tasks?page=1&limit=10&status=completed","timestamp":"2025-06-24T00:48:14.060Z"}
{"level":"info","message":"Tasks fetched for user: 68597e149a2f0da852261c1f, page: 1","timestamp":"2025-06-24T00:48:14.066Z"}
{"level":"info","message":"GET /api/users?page=1&limit=10","timestamp":"2025-06-24T00:52:55.392Z"}
{"level":"info","message":"Users fetched by manager: 68597e149a2f0da852261c1f, page: 1","timestamp":"2025-06-24T00:52:55.411Z"}
{"level":"info","message":"GET /api/users?page=1&limit=10","timestamp":"2025-06-24T00:52:57.126Z"}
{"level":"info","message":"Users fetched by manager: 68597e149a2f0da852261c1f, page: 1","timestamp":"2025-06-24T00:52:57.132Z"}
{"level":"info","message":"GET /api/users?page=1&limit=100","timestamp":"2025-06-24T00:53:11.320Z"}
{"level":"info","message":"GET /api/tasks?page=1&limit=10","timestamp":"2025-06-24T00:53:11.324Z"}
{"level":"info","message":"Users fetched by manager: 68597e149a2f0da852261c1f, page: 1","timestamp":"2025-06-24T00:53:11.332Z"}
{"level":"info","message":"Tasks fetched for user: 68597e149a2f0da852261c1f, page: 1","timestamp":"2025-06-24T00:53:11.338Z"}
{"level":"info","message":"GET /api/users?page=1&limit=10","timestamp":"2025-06-24T00:55:05.240Z"}
{"level":"info","message":"Users fetched by manager: 68597e149a2f0da852261c1f, page: 1","timestamp":"2025-06-24T00:55:05.245Z"}
{"level":"info","message":"GET /api/users?page=1&limit=100","timestamp":"2025-06-24T00:55:06.887Z"}
{"level":"info","message":"GET /api/tasks?page=1&limit=10","timestamp":"2025-06-24T00:55:06.892Z"}
{"level":"info","message":"Users fetched by manager: 68597e149a2f0da852261c1f, page: 1","timestamp":"2025-06-24T00:55:06.904Z"}
{"level":"info","message":"Tasks fetched for user: 68597e149a2f0da852261c1f, page: 1","timestamp":"2025-06-24T00:55:06.909Z"}
{"level":"info","message":"GET /api/users?page=1&limit=10","timestamp":"2025-06-24T00:55:43.588Z"}
{"level":"info","message":"Users fetched by manager: 68597e149a2f0da852261c1f, page: 1","timestamp":"2025-06-24T00:55:43.594Z"}
{"level":"info","message":"GET /api/users?page=1&limit=10","timestamp":"2025-06-24T00:55:54.112Z"}
{"level":"info","message":"Users fetched by manager: 68597e149a2f0da852261c1f, page: 1","timestamp":"2025-06-24T00:55:54.119Z"}
{"level":"info","message":"GET /api/users?page=1&limit=100","timestamp":"2025-06-24T00:55:57.489Z"}
{"level":"info","message":"GET /api/tasks?page=1&limit=10","timestamp":"2025-06-24T00:55:57.492Z"}
{"level":"info","message":"Users fetched by manager: 68597e149a2f0da852261c1f, page: 1","timestamp":"2025-06-24T00:55:57.503Z"}
{"level":"info","message":"Tasks fetched for user: 68597e149a2f0da852261c1f, page: 1","timestamp":"2025-06-24T00:55:57.507Z"}
{"level":"info","message":"GET /api/users?page=1&limit=10","timestamp":"2025-06-24T00:56:36.832Z"}
{"level":"info","message":"Users fetched by manager: 68597e149a2f0da852261c1f, page: 1","timestamp":"2025-06-24T00:56:36.841Z"}
{"level":"info","message":"GET /api/users?page=1&limit=100","timestamp":"2025-06-24T00:57:20.958Z"}
{"level":"info","message":"GET /api/tasks?page=1&limit=10","timestamp":"2025-06-24T00:57:20.961Z"}
{"level":"info","message":"Users fetched by manager: 68597e149a2f0da852261c1f, page: 1","timestamp":"2025-06-24T00:57:20.968Z"}
{"level":"info","message":"Tasks fetched for user: 68597e149a2f0da852261c1f, page: 1","timestamp":"2025-06-24T00:57:20.977Z"}
{"level":"info","message":"GET /api/users?page=1&limit=10","timestamp":"2025-06-24T00:58:04.301Z"}
{"level":"info","message":"Users fetched by manager: 68597e149a2f0da852261c1f, page: 1","timestamp":"2025-06-24T00:58:04.310Z"}
{"level":"info","message":"GET /api/users?page=1&limit=10","timestamp":"2025-06-24T00:58:05.341Z"}
{"level":"info","message":"Users fetched by manager: 68597e149a2f0da852261c1f, page: 1","timestamp":"2025-06-24T00:58:05.355Z"}
{"level":"info","message":"GET /api/users?page=1&limit=10","timestamp":"2025-06-24T00:58:47.699Z"}
{"level":"info","message":"Users fetched by manager: 68597e149a2f0da852261c1f, page: 1","timestamp":"2025-06-24T00:58:47.706Z"}
{"level":"info","message":"GET /api/users?page=1&limit=10","timestamp":"2025-06-24T00:59:32.928Z"}
{"level":"info","message":"Users fetched by manager: 68597e149a2f0da852261c1f, page: 1","timestamp":"2025-06-24T00:59:32.935Z"}
{"level":"info","message":"GET /api/users?page=1&limit=10","timestamp":"2025-06-24T00:59:34.022Z"}
{"level":"info","message":"Users fetched by manager: 68597e149a2f0da852261c1f, page: 1","timestamp":"2025-06-24T00:59:34.031Z"}
{"level":"info","message":"GET /api/users?page=1&limit=10","timestamp":"2025-06-24T00:59:57.151Z"}
{"level":"info","message":"Users fetched by manager: 68597e149a2f0da852261c1f, page: 1","timestamp":"2025-06-24T00:59:57.155Z"}
{"level":"info","message":"GET /api/users?page=1&limit=100","timestamp":"2025-06-24T01:00:02.147Z"}
{"level":"info","message":"GET /api/tasks?page=1&limit=10","timestamp":"2025-06-24T01:00:02.159Z"}
{"level":"info","message":"Users fetched by manager: 68597e149a2f0da852261c1f, page: 1","timestamp":"2025-06-24T01:00:02.170Z"}
{"level":"info","message":"Tasks fetched for user: 68597e149a2f0da852261c1f, page: 1","timestamp":"2025-06-24T01:00:02.173Z"}
{"level":"info","message":"GET /api/users?page=1&limit=100","timestamp":"2025-06-24T01:01:52.955Z"}
{"level":"info","message":"GET /api/tasks?page=1&limit=10","timestamp":"2025-06-24T01:01:52.960Z"}
{"level":"info","message":"Users fetched by manager: 68597e149a2f0da852261c1f, page: 1","timestamp":"2025-06-24T01:01:52.971Z"}
{"level":"info","message":"Tasks fetched for user: 68597e149a2f0da852261c1f, page: 1","timestamp":"2025-06-24T01:01:52.974Z"}
{"level":"info","message":"GET /api/users?page=1&limit=10","timestamp":"2025-06-24T01:03:25.455Z"}
{"level":"info","message":"Users fetched by manager: 68597e149a2f0da852261c1f, page: 1","timestamp":"2025-06-24T01:03:25.462Z"}
{"level":"info","message":"GET /api/users?page=1&limit=10","timestamp":"2025-06-24T01:03:43.358Z"}
{"level":"info","message":"Users fetched by manager: 68597e149a2f0da852261c1f, page: 1","timestamp":"2025-06-24T01:03:43.365Z"}
{"level":"info","message":"GET /api/users?page=1&limit=10","timestamp":"2025-06-24T01:03:58.851Z"}
{"level":"info","message":"Users fetched by manager: 68597e149a2f0da852261c1f, page: 1","timestamp":"2025-06-24T01:03:58.858Z"}
{"level":"info","message":"GET /api/users?page=1&limit=10","timestamp":"2025-06-24T01:05:14.401Z"}
{"level":"info","message":"Users fetched by manager: 68597e149a2f0da852261c1f, page: 1","timestamp":"2025-06-24T01:05:14.404Z"}
{"level":"info","message":"GET /api/users?page=1&limit=10","timestamp":"2025-06-24T01:05:15.266Z"}
{"level":"info","message":"Users fetched by manager: 68597e149a2f0da852261c1f, page: 1","timestamp":"2025-06-24T01:05:15.274Z"}
{"level":"info","message":"GET /api/users?page=1&limit=10","timestamp":"2025-06-24T01:05:21.178Z"}
{"level":"info","message":"Users fetched by manager: 68597e149a2f0da852261c1f, page: 1","timestamp":"2025-06-24T01:05:21.185Z"}
{"level":"info","message":"GET /api/users?page=1&limit=100","timestamp":"2025-06-24T01:05:33.511Z"}
{"level":"info","message":"GET /api/tasks?page=1&limit=10","timestamp":"2025-06-24T01:05:33.514Z"}
{"level":"info","message":"Users fetched by manager: 68597e149a2f0da852261c1f, page: 1","timestamp":"2025-06-24T01:05:33.522Z"}
{"level":"info","message":"Tasks fetched for user: 68597e149a2f0da852261c1f, page: 1","timestamp":"2025-06-24T01:05:33.529Z"}
{"level":"info","message":"GET /api/users?page=1&limit=10","timestamp":"2025-06-24T01:06:37.027Z"}
{"level":"info","message":"Users fetched by manager: 68597e149a2f0da852261c1f, page: 1","timestamp":"2025-06-24T01:06:37.031Z"}
{"level":"info","message":"GET /api/users?page=1&limit=10","timestamp":"2025-06-24T01:06:45.813Z"}
{"level":"info","message":"Users fetched by manager: 68597e149a2f0da852261c1f, page: 1","timestamp":"2025-06-24T01:06:45.821Z"}
{"level":"info","message":"GET /api/users?page=1&limit=10","timestamp":"2025-06-24T01:07:07.838Z"}
{"level":"info","message":"Users fetched by manager: 68597e149a2f0da852261c1f, page: 1","timestamp":"2025-06-24T01:07:07.843Z"}
{"level":"info","message":"GET /api/users?page=1&limit=10","timestamp":"2025-06-24T01:07:27.988Z"}
{"level":"info","message":"Users fetched by manager: 68597e149a2f0da852261c1f, page: 1","timestamp":"2025-06-24T01:07:27.996Z"}
{"level":"info","message":"GET /api/users?page=1&limit=100","timestamp":"2025-06-24T01:07:34.111Z"}
{"level":"info","message":"GET /api/tasks?page=1&limit=10","timestamp":"2025-06-24T01:07:34.114Z"}
{"level":"info","message":"Users fetched by manager: 68597e149a2f0da852261c1f, page: 1","timestamp":"2025-06-24T01:07:34.123Z"}
{"level":"info","message":"Tasks fetched for user: 68597e149a2f0da852261c1f, page: 1","timestamp":"2025-06-24T01:07:34.129Z"}
{"level":"info","message":"GET /api/users?page=1&limit=10","timestamp":"2025-06-24T01:08:57.736Z"}
{"level":"info","message":"Users fetched by manager: 68597e149a2f0da852261c1f, page: 1","timestamp":"2025-06-24T01:08:57.742Z"}
{"level":"info","message":"GET /api/users?page=1&limit=10","timestamp":"2025-06-24T01:09:11.827Z"}
{"level":"info","message":"Users fetched by manager: 68597e149a2f0da852261c1f, page: 1","timestamp":"2025-06-24T01:09:11.836Z"}
{"level":"info","message":"GET /api/users?page=1&limit=10","timestamp":"2025-06-24T01:09:33.304Z"}
{"level":"info","message":"Users fetched by manager: 68597e149a2f0da852261c1f, page: 1","timestamp":"2025-06-24T01:09:33.313Z"}
{"level":"info","message":"GET /api/users?page=1&limit=10","timestamp":"2025-06-24T01:09:46.205Z"}
{"level":"info","message":"Users fetched by manager: 68597e149a2f0da852261c1f, page: 1","timestamp":"2025-06-24T01:09:46.211Z"}
{"level":"info","message":"GET /api/users?page=1&limit=100","timestamp":"2025-06-24T01:10:06.502Z"}
{"level":"info","message":"GET /api/tasks?page=1&limit=10","timestamp":"2025-06-24T01:10:06.505Z"}
{"level":"info","message":"Users fetched by manager: 68597e149a2f0da852261c1f, page: 1","timestamp":"2025-06-24T01:10:06.514Z"}
{"level":"info","message":"Tasks fetched for user: 68597e149a2f0da852261c1f, page: 1","timestamp":"2025-06-24T01:10:06.518Z"}
{"level":"info","message":"GET /api/users?page=1&limit=10","timestamp":"2025-06-24T01:11:01.589Z"}
{"level":"info","message":"Users fetched by manager: 68597e149a2f0da852261c1f, page: 1","timestamp":"2025-06-24T01:11:01.593Z"}
{"level":"info","message":"GET /api/users?page=1&limit=10","timestamp":"2025-06-24T01:11:28.594Z"}
{"level":"info","message":"Users fetched by manager: 68597e149a2f0da852261c1f, page: 1","timestamp":"2025-06-24T01:11:28.603Z"}
{"level":"info","message":"GET /api/users?page=1&limit=100","timestamp":"2025-06-24T01:11:37.102Z"}
{"level":"info","message":"GET /api/tasks?page=1&limit=10","timestamp":"2025-06-24T01:11:37.105Z"}
{"level":"info","message":"Users fetched by manager: 68597e149a2f0da852261c1f, page: 1","timestamp":"2025-06-24T01:11:37.112Z"}
{"level":"info","message":"Tasks fetched for user: 68597e149a2f0da852261c1f, page: 1","timestamp":"2025-06-24T01:11:37.120Z"}
{"level":"info","message":"GET /api/users?page=1&limit=100","timestamp":"2025-06-24T01:12:51.000Z"}
{"level":"info","message":"GET /api/tasks?page=1&limit=10","timestamp":"2025-06-24T01:12:51.012Z"}
{"level":"info","message":"Users fetched by manager: 68597e149a2f0da852261c1f, page: 1","timestamp":"2025-06-24T01:12:51.023Z"}
{"level":"info","message":"Tasks fetched for user: 68597e149a2f0da852261c1f, page: 1","timestamp":"2025-06-24T01:12:51.027Z"}
{"level":"info","message":"GET /api/users?page=1&limit=100","timestamp":"2025-06-24T01:13:39.823Z"}
{"level":"info","message":"GET /api/tasks?page=1&limit=10","timestamp":"2025-06-24T01:13:39.829Z"}
{"level":"info","message":"Users fetched by manager: 68597e149a2f0da852261c1f, page: 1","timestamp":"2025-06-24T01:13:39.841Z"}
{"level":"info","message":"Tasks fetched for user: 68597e149a2f0da852261c1f, page: 1","timestamp":"2025-06-24T01:13:39.847Z"}
{"level":"info","message":"GET /api/users?page=1&limit=100","timestamp":"2025-06-24T01:14:25.822Z"}
{"level":"info","message":"GET /api/tasks?page=1&limit=10","timestamp":"2025-06-24T01:14:25.826Z"}
{"level":"info","message":"Users fetched by manager: 68597e149a2f0da852261c1f, page: 1","timestamp":"2025-06-24T01:14:25.837Z"}
{"level":"info","message":"Tasks fetched for user: 68597e149a2f0da852261c1f, page: 1","timestamp":"2025-06-24T01:14:25.844Z"}
{"level":"info","message":"GET /api/users?page=1&limit=100","timestamp":"2025-06-24T01:16:07.802Z"}
{"level":"info","message":"GET /api/tasks?page=1&limit=10","timestamp":"2025-06-24T01:16:07.804Z"}
{"level":"info","message":"Users fetched by manager: 68597e149a2f0da852261c1f, page: 1","timestamp":"2025-06-24T01:16:07.811Z"}
{"level":"info","message":"Tasks fetched for user: 68597e149a2f0da852261c1f, page: 1","timestamp":"2025-06-24T01:16:07.818Z"}
{"level":"info","message":"GET /api/users?page=1&limit=10","timestamp":"2025-06-24T01:16:28.800Z"}
{"level":"info","message":"Users fetched by manager: 68597e149a2f0da852261c1f, page: 1","timestamp":"2025-06-24T01:16:28.805Z"}
{"level":"info","message":"GET /api/users?page=1&limit=100","timestamp":"2025-06-24T01:16:55.740Z"}
{"level":"info","message":"GET /api/tasks?page=1&limit=10","timestamp":"2025-06-24T01:16:55.743Z"}
{"level":"info","message":"Users fetched by manager: 68597e149a2f0da852261c1f, page: 1","timestamp":"2025-06-24T01:16:55.750Z"}
{"level":"info","message":"Tasks fetched for user: 68597e149a2f0da852261c1f, page: 1","timestamp":"2025-06-24T01:16:55.757Z"}
{"level":"info","message":"GET /api/users?page=1&limit=10","timestamp":"2025-06-24T01:16:56.401Z"}
{"level":"info","message":"Users fetched by manager: 68597e149a2f0da852261c1f, page: 1","timestamp":"2025-06-24T01:16:56.407Z"}
{"level":"info","message":"GET /api/users?page=1&limit=10","timestamp":"2025-06-24T01:17:13.447Z"}
{"level":"info","message":"Users fetched by manager: 68597e149a2f0da852261c1f, page: 1","timestamp":"2025-06-24T01:17:13.455Z"}
{"level":"info","message":"GET /api/users?page=1&limit=100","timestamp":"2025-06-24T01:17:16.478Z"}
{"level":"info","message":"GET /api/tasks?page=1&limit=10","timestamp":"2025-06-24T01:17:16.481Z"}
{"level":"info","message":"Users fetched by manager: 68597e149a2f0da852261c1f, page: 1","timestamp":"2025-06-24T01:17:16.488Z"}
{"level":"info","message":"Tasks fetched for user: 68597e149a2f0da852261c1f, page: 1","timestamp":"2025-06-24T01:17:16.494Z"}
{"level":"info","message":"GET /api/tasks?page=1&limit=10&status=to-do","timestamp":"2025-06-24T01:17:35.144Z"}
{"level":"info","message":"Tasks fetched for user: 68597e149a2f0da852261c1f, page: 1","timestamp":"2025-06-24T01:17:35.156Z"}
{"level":"info","message":"GET /api/tasks?page=1&limit=10&status=in-progress","timestamp":"2025-06-24T01:17:35.813Z"}
{"level":"info","message":"Tasks fetched for user: 68597e149a2f0da852261c1f, page: 1","timestamp":"2025-06-24T01:17:35.818Z"}
{"level":"info","message":"GET /api/users?page=1&limit=10","timestamp":"2025-06-24T01:19:43.858Z"}
{"level":"info","message":"Users fetched by manager: 68597e149a2f0da852261c1f, page: 1","timestamp":"2025-06-24T01:19:43.864Z"}
{"level":"info","message":"GET /api/users?page=1&limit=100","timestamp":"2025-06-24T01:20:46.326Z"}
{"level":"info","message":"GET /api/tasks?page=1&limit=10","timestamp":"2025-06-24T01:20:46.329Z"}
{"level":"info","message":"Users fetched by manager: 68597e149a2f0da852261c1f, page: 1","timestamp":"2025-06-24T01:20:46.336Z"}
{"level":"info","message":"Tasks fetched for user: 68597e149a2f0da852261c1f, page: 1","timestamp":"2025-06-24T01:20:46.344Z"}
{"level":"info","message":"GET /api/users?page=1&limit=10","timestamp":"2025-06-24T01:20:49.215Z"}
{"level":"info","message":"Users fetched by manager: 68597e149a2f0da852261c1f, page: 1","timestamp":"2025-06-24T01:20:49.220Z"}
{"level":"info","message":"GET /api/users?page=1&limit=10","timestamp":"2025-06-24T01:22:20.850Z"}
{"level":"info","message":"Users fetched by manager: 68597e149a2f0da852261c1f, page: 1","timestamp":"2025-06-24T01:22:20.856Z"}
{"level":"info","message":"GET /api/tasks?page=1&limit=10","timestamp":"2025-06-24T01:22:31.139Z"}
{"level":"info","message":"GET /api/users?page=1&limit=100","timestamp":"2025-06-24T01:22:31.141Z"}
{"level":"info","message":"Users fetched by manager: 68597e149a2f0da852261c1f, page: 1","timestamp":"2025-06-24T01:22:31.149Z"}
{"level":"info","message":"Tasks fetched for user: 68597e149a2f0da852261c1f, page: 1","timestamp":"2025-06-24T01:22:31.153Z"}
{"level":"info","message":"GET /api/users?page=1&limit=10","timestamp":"2025-06-24T01:23:12.608Z"}
{"level":"info","message":"Users fetched by manager: 68597e149a2f0da852261c1f, page: 1","timestamp":"2025-06-24T01:23:12.617Z"}
{"level":"info","message":"GET /api/users?page=1&limit=10","timestamp":"2025-06-24T01:25:03.762Z"}
{"level":"info","message":"Users fetched by manager: 68597e149a2f0da852261c1f, page: 1","timestamp":"2025-06-24T01:25:03.765Z"}
{"level":"info","message":"GET /api/users?page=1&limit=10","timestamp":"2025-06-24T01:25:04.997Z"}
{"level":"info","message":"Users fetched by manager: 68597e149a2f0da852261c1f, page: 1","timestamp":"2025-06-24T01:25:05.006Z"}
{"level":"info","message":"GET /api/users?page=1&limit=10","timestamp":"2025-06-24T01:25:54.908Z"}
{"level":"info","message":"Users fetched by manager: 68597e149a2f0da852261c1f, page: 1","timestamp":"2025-06-24T01:25:54.913Z"}
{"level":"info","message":"GET /api/users?page=1&limit=100","timestamp":"2025-06-24T01:25:59.192Z"}
{"level":"info","message":"GET /api/tasks?page=1&limit=10","timestamp":"2025-06-24T01:25:59.195Z"}
{"level":"info","message":"Users fetched by manager: 68597e149a2f0da852261c1f, page: 1","timestamp":"2025-06-24T01:25:59.203Z"}
{"level":"info","message":"Tasks fetched for user: 68597e149a2f0da852261c1f, page: 1","timestamp":"2025-06-24T01:25:59.209Z"}
{"level":"info","message":"GET /api/users?page=1&limit=10","timestamp":"2025-06-24T01:27:00.057Z"}
{"level":"info","message":"Users fetched by manager: 68597e149a2f0da852261c1f, page: 1","timestamp":"2025-06-24T01:27:00.065Z"}
{"level":"info","message":"GET /api/users?page=1&limit=100","timestamp":"2025-06-24T01:27:16.959Z"}
{"level":"info","message":"GET /api/tasks?page=1&limit=10","timestamp":"2025-06-24T01:27:16.976Z"}
{"level":"info","message":"Users fetched by manager: 68597e149a2f0da852261c1f, page: 1","timestamp":"2025-06-24T01:27:16.984Z"}
{"level":"info","message":"Tasks fetched for user: 68597e149a2f0da852261c1f, page: 1","timestamp":"2025-06-24T01:27:16.990Z"}
{"level":"info","message":"GET /api/users?page=1&limit=100","timestamp":"2025-06-24T01:30:05.931Z"}
{"level":"info","message":"GET /api/tasks?page=1&limit=10","timestamp":"2025-06-24T01:30:05.935Z"}
{"level":"info","message":"Users fetched by manager: 68597e149a2f0da852261c1f, page: 1","timestamp":"2025-06-24T01:30:05.946Z"}
{"level":"info","message":"Tasks fetched for user: 68597e149a2f0da852261c1f, page: 1","timestamp":"2025-06-24T01:30:05.956Z"}
{"level":"info","message":"GET /api/users?page=1&limit=10","timestamp":"2025-06-24T01:32:51.207Z"}
{"level":"info","message":"Users fetched by manager: 68597e149a2f0da852261c1f, page: 1","timestamp":"2025-06-24T01:32:51.213Z"}
{"level":"info","message":"GET /api/users?page=1&limit=10","timestamp":"2025-06-24T01:33:32.360Z"}
{"level":"info","message":"Users fetched by manager: 68597e149a2f0da852261c1f, page: 1","timestamp":"2025-06-24T01:33:32.366Z"}
{"level":"info","message":"GET /api/users?page=1&limit=100","timestamp":"2025-06-24T01:33:48.921Z"}
{"level":"info","message":"GET /api/tasks?page=1&limit=10","timestamp":"2025-06-24T01:33:48.924Z"}
{"level":"info","message":"Users fetched by manager: 68597e149a2f0da852261c1f, page: 1","timestamp":"2025-06-24T01:33:48.936Z"}
{"level":"info","message":"Tasks fetched for user: 68597e149a2f0da852261c1f, page: 1","timestamp":"2025-06-24T01:33:48.940Z"}
{"level":"info","message":"Server running on port 5000","timestamp":"2025-06-24T23:04:39.268Z"}
{"level":"info","message":"MongoDB connected","timestamp":"2025-06-24T23:04:39.297Z"}
{"level":"info","message":"GET /api/users?page=1&limit=100","timestamp":"2025-06-24T23:07:57.342Z"}
{"level":"info","message":"GET /api/tasks?page=1&limit=10","timestamp":"2025-06-24T23:07:57.411Z"}
{"level":"info","message":"Users fetched by manager: 68597e149a2f0da852261c1f, page: 1","timestamp":"2025-06-24T23:07:57.427Z"}
{"level":"info","message":"Tasks fetched for user: 68597e149a2f0da852261c1f, page: 1","timestamp":"2025-06-24T23:07:57.483Z"}
{"level":"info","message":"GET /api/users?page=1&limit=10","timestamp":"2025-06-24T23:08:02.006Z"}
{"level":"info","message":"Users fetched by manager: 68597e149a2f0da852261c1f, page: 1","timestamp":"2025-06-24T23:08:02.019Z"}
{"level":"info","message":"POST /api/auth/login","timestamp":"2025-06-24T23:14:42.907Z"}
{"level":"info","message":"Refresh token generated for user: 68597e149a2f0da852261c1f","timestamp":"2025-06-24T23:14:43.310Z"}
{"level":"info","message":"User logged in: 68597e149a2f0da852261c1f","timestamp":"2025-06-24T23:14:43.311Z"}
{"level":"info","message":"GET /api/users?page=1&limit=100","timestamp":"2025-06-24T23:14:43.457Z"}
{"level":"info","message":"GET /api/tasks?page=1&limit=10","timestamp":"2025-06-24T23:14:43.472Z"}
{"level":"info","message":"Users fetched by manager: 68597e149a2f0da852261c1f, page: 1","timestamp":"2025-06-24T23:14:43.502Z"}
{"level":"info","message":"Tasks fetched for user: 68597e149a2f0da852261c1f, page: 1","timestamp":"2025-06-24T23:14:43.514Z"}
{"level":"info","message":"POST /api/auth/login","timestamp":"2025-06-24T23:17:31.406Z"}
{"level":"warn","message":"Failed login attempt for email: gmizajalel888@gmail.com","timestamp":"2025-06-24T23:17:31.713Z"}
{"level":"info","message":"POST /api/auth/login","timestamp":"2025-06-24T23:17:37.763Z"}
{"level":"info","message":"Refresh token generated for user: 68597f0a9a2f0da852261c35","timestamp":"2025-06-24T23:17:38.045Z"}
{"level":"info","message":"User logged in: 68597f0a9a2f0da852261c35","timestamp":"2025-06-24T23:17:38.046Z"}
{"level":"info","message":"GET /api/tasks?page=1&limit=10","timestamp":"2025-06-24T23:17:38.112Z"}
{"level":"info","message":"Tasks fetched for user: 68597f0a9a2f0da852261c35, page: 1","timestamp":"2025-06-24T23:17:38.147Z"}
{"level":"info","message":"GET /api/tasks?page=1&limit=10&status=to-do","timestamp":"2025-06-24T23:17:46.868Z"}
{"level":"info","message":"Tasks fetched for user: 68597f0a9a2f0da852261c35, page: 1","timestamp":"2025-06-24T23:17:46.895Z"}
{"level":"info","message":"GET /api/tasks?page=1&limit=10&status=in-progress","timestamp":"2025-06-24T23:17:47.312Z"}
{"level":"info","message":"Tasks fetched for user: 68597f0a9a2f0da852261c35, page: 1","timestamp":"2025-06-24T23:17:47.328Z"}
{"level":"info","message":"GET /api/tasks?page=1&limit=10&status=completed","timestamp":"2025-06-24T23:17:47.765Z"}
{"level":"info","message":"Tasks fetched for user: 68597f0a9a2f0da852261c35, page: 1","timestamp":"2025-06-24T23:17:47.777Z"}
{"level":"info","message":"POST /api/auth/login","timestamp":"2025-06-24T23:25:49.927Z"}
{"level":"info","message":"Refresh token generated for user: 68597e149a2f0da852261c1f","timestamp":"2025-06-24T23:25:50.122Z"}
{"level":"info","message":"User logged in: 68597e149a2f0da852261c1f","timestamp":"2025-06-24T23:25:50.123Z"}
{"level":"info","message":"GET /api/users?page=1&limit=100","timestamp":"2025-06-24T23:25:50.261Z"}
{"level":"info","message":"GET /api/tasks?page=1&limit=10","timestamp":"2025-06-24T23:25:50.269Z"}
{"level":"info","message":"Users fetched by manager: 68597e149a2f0da852261c1f, page: 1","timestamp":"2025-06-24T23:25:50.315Z"}
{"level":"info","message":"Tasks fetched for user: 68597e149a2f0da852261c1f, page: 1","timestamp":"2025-06-24T23:25:50.329Z"}
{"level":"info","message":"POST /api/auth/login","timestamp":"2025-06-24T23:31:56.513Z"}
{"level":"info","message":"Refresh token generated for user: 68597e149a2f0da852261c1f","timestamp":"2025-06-24T23:31:56.625Z"}
{"level":"info","message":"User logged in: 68597e149a2f0da852261c1f","timestamp":"2025-06-24T23:31:56.625Z"}
{"level":"info","message":"GET /api/users?page=1&limit=100","timestamp":"2025-06-24T23:31:56.753Z"}
{"level":"info","message":"GET /api/tasks?page=1&limit=10","timestamp":"2025-06-24T23:31:56.770Z"}
{"level":"info","message":"Users fetched by manager: 68597e149a2f0da852261c1f, page: 1","timestamp":"2025-06-24T23:31:56.787Z"}
{"level":"info","message":"Tasks fetched for user: 68597e149a2f0da852261c1f, page: 1","timestamp":"2025-06-24T23:31:56.791Z"}
{"level":"info","message":"POST /api/auth/login","timestamp":"2025-06-24T23:38:37.418Z"}
{"level":"info","message":"Refresh token generated for user: 68597e149a2f0da852261c1f","timestamp":"2025-06-24T23:38:37.518Z"}
{"level":"info","message":"User logged in: 68597e149a2f0da852261c1f","timestamp":"2025-06-24T23:38:37.519Z"}
{"level":"info","message":"GET /api/users?page=1&limit=100","timestamp":"2025-06-24T23:38:37.619Z"}
{"level":"info","message":"GET /api/tasks?page=1&limit=10","timestamp":"2025-06-24T23:38:37.628Z"}
{"level":"info","message":"Users fetched by manager: 68597e149a2f0da852261c1f, page: 1","timestamp":"2025-06-24T23:38:37.648Z"}
{"level":"info","message":"Tasks fetched for user: 68597e149a2f0da852261c1f, page: 1","timestamp":"2025-06-24T23:38:37.653Z"}
{"level":"info","message":"POST /api/auth/register","timestamp":"2025-06-24T23:45:37.320Z"}
{"level":"info","message":"Refresh token generated for user: 685b38a1971c6cd2a3ec01c6","timestamp":"2025-06-24T23:45:37.464Z"}
{"level":"info","message":"User registered: 685b38a1971c6cd2a3ec01c6","timestamp":"2025-06-24T23:45:37.464Z"}
{"level":"info","message":"GET /api/tasks?page=1&limit=10","timestamp":"2025-06-24T23:45:37.526Z"}
{"level":"info","message":"Tasks fetched for user: 685b38a1971c6cd2a3ec01c6, page: 1","timestamp":"2025-06-24T23:45:37.534Z"}
{"level":"info","message":"GET /api/tasks?page=1&limit=10&status=to-do","timestamp":"2025-06-24T23:45:43.605Z"}
{"level":"info","message":"Tasks fetched for user: 685b38a1971c6cd2a3ec01c6, page: 1","timestamp":"2025-06-24T23:45:43.611Z"}
{"level":"info","message":"GET /api/tasks?page=1&limit=10&status=completed","timestamp":"2025-06-24T23:45:44.525Z"}
{"level":"info","message":"Tasks fetched for user: 685b38a1971c6cd2a3ec01c6, page: 1","timestamp":"2025-06-24T23:45:44.530Z"}
{"level":"info","message":"GET /api/tasks?page=1&limit=10&status=in-progress","timestamp":"2025-06-24T23:45:44.934Z"}
{"level":"info","message":"Tasks fetched for user: 685b38a1971c6cd2a3ec01c6, page: 1","timestamp":"2025-06-24T23:45:44.941Z"}
{"level":"info","message":"POST /api/auth/login","timestamp":"2025-06-24T23:46:57.559Z"}
{"level":"info","message":"Refresh token generated for user: 68597e149a2f0da852261c1f","timestamp":"2025-06-24T23:46:57.678Z"}
{"level":"info","message":"User logged in: 68597e149a2f0da852261c1f","timestamp":"2025-06-24T23:46:57.679Z"}
{"level":"info","message":"GET /api/users?page=1&limit=100","timestamp":"2025-06-24T23:46:57.787Z"}
{"level":"info","message":"GET /api/tasks?page=1&limit=10","timestamp":"2025-06-24T23:46:57.791Z"}
{"level":"info","message":"Users fetched by manager: 68597e149a2f0da852261c1f, page: 1","timestamp":"2025-06-24T23:46:57.805Z"}
{"level":"info","message":"Tasks fetched for user: 68597e149a2f0da852261c1f, page: 1","timestamp":"2025-06-24T23:46:57.811Z"}
{"level":"info","message":"GET /api/users?page=1&limit=10","timestamp":"2025-06-24T23:47:05.456Z"}
{"level":"info","message":"Users fetched by manager: 68597e149a2f0da852261c1f, page: 1","timestamp":"2025-06-24T23:47:05.463Z"}
{"level":"info","message":"GET /api/tasks?page=1&limit=10&status=to-do","timestamp":"2025-06-24T23:47:15.068Z"}
{"level":"info","message":"Tasks fetched for user: 68597e149a2f0da852261c1f, page: 1","timestamp":"2025-06-24T23:47:15.085Z"}
{"level":"info","message":"GET /api/tasks?page=1&limit=10&status=in-progress","timestamp":"2025-06-24T23:47:15.596Z"}
{"level":"info","message":"Tasks fetched for user: 68597e149a2f0da852261c1f, page: 1","timestamp":"2025-06-24T23:47:15.602Z"}
{"level":"info","message":"GET /api/tasks?page=1&limit=10&status=completed","timestamp":"2025-06-24T23:47:16.943Z"}
{"level":"info","message":"Tasks fetched for user: 68597e149a2f0da852261c1f, page: 1","timestamp":"2025-06-24T23:47:16.947Z"}
{"level":"info","message":"POST /api/auth/login","timestamp":"2025-06-24T23:52:19.579Z"}
{"level":"warn","message":"Failed login attempt for email: gmizajalel888@gmail.com","timestamp":"2025-06-24T23:52:19.696Z"}
{"level":"info","message":"POST /api/auth/login","timestamp":"2025-06-24T23:52:31.581Z"}
{"level":"info","message":"Refresh token generated for user: 68597e149a2f0da852261c1f","timestamp":"2025-06-24T23:52:31.681Z"}
{"level":"info","message":"User logged in: 68597e149a2f0da852261c1f","timestamp":"2025-06-24T23:52:31.681Z"}
{"level":"info","message":"GET /api/users?page=1&limit=100","timestamp":"2025-06-24T23:52:31.769Z"}
{"level":"info","message":"GET /api/tasks?page=1&limit=10","timestamp":"2025-06-24T23:52:31.775Z"}
{"level":"info","message":"Users fetched by manager: 68597e149a2f0da852261c1f, page: 1","timestamp":"2025-06-24T23:52:31.808Z"}
{"level":"info","message":"Tasks fetched for user: 68597e149a2f0da852261c1f, page: 1","timestamp":"2025-06-24T23:52:31.833Z"}
{"level":"info","message":"GET /api/users?page=1&limit=10","timestamp":"2025-06-24T23:52:43.566Z"}
{"level":"info","message":"Users fetched by manager: 68597e149a2f0da852261c1f, page: 1","timestamp":"2025-06-24T23:52:43.572Z"}
{"level":"info","message":"GET /api/users?page=1&limit=100","timestamp":"2025-06-25T00:28:22.552Z"}
{"level":"info","message":"GET /api/tasks?page=1&limit=10","timestamp":"2025-06-25T00:28:22.562Z"}
{"level":"info","message":"Users fetched by manager: 68597e149a2f0da852261c1f, page: 1","timestamp":"2025-06-25T00:28:22.573Z"}
{"level":"info","message":"Tasks fetched for user: 68597e149a2f0da852261c1f, page: 1","timestamp":"2025-06-25T00:28:22.582Z"}
{"level":"info","message":"GET /api/users?page=1&limit=100","timestamp":"2025-06-25T00:29:18.976Z"}
{"level":"info","message":"GET /api/tasks?page=1&limit=10","timestamp":"2025-06-25T00:29:18.980Z"}
{"level":"info","message":"Users fetched by manager: 68597e149a2f0da852261c1f, page: 1","timestamp":"2025-06-25T00:29:18.995Z"}
{"level":"info","message":"Tasks fetched for user: 68597e149a2f0da852261c1f, page: 1","timestamp":"2025-06-25T00:29:18.999Z"}
{"level":"info","message":"POST /api/auth/login","timestamp":"2025-06-25T00:29:34.943Z"}
{"level":"info","message":"Refresh token generated for user: 68597e149a2f0da852261c1f","timestamp":"2025-06-25T00:29:35.299Z"}
{"level":"info","message":"User logged in: 68597e149a2f0da852261c1f","timestamp":"2025-06-25T00:29:35.303Z"}
{"level":"info","message":"GET /api/users?page=1&limit=10","timestamp":"2025-06-25T00:29:38.462Z"}
{"level":"info","message":"Users fetched by manager: 68597e149a2f0da852261c1f, page: 1","timestamp":"2025-06-25T00:29:38.497Z"}
{"level":"info","message":"GET /api/tasks?page=1&limit=10","timestamp":"2025-06-25T00:39:04.905Z"}
{"level":"info","message":"Tasks fetched for user: 68597e149a2f0da852261c1f, page: 1","timestamp":"2025-06-25T00:39:04.918Z"}
{"level":"info","message":"GET /api/tasks?page=1&limit=10","timestamp":"2025-06-25T00:39:07.951Z"}
{"level":"info","message":"Tasks fetched for user: 68597e149a2f0da852261c1f, page: 1","timestamp":"2025-06-25T00:39:07.964Z"}
{"level":"info","message":"GET /api/tasks?page=1&limit=10","timestamp":"2025-06-25T00:39:10.806Z"}
{"level":"info","message":"Tasks fetched for user: 68597e149a2f0da852261c1f, page: 1","timestamp":"2025-06-25T00:39:10.815Z"}
